# JRE version: Java(TM) SE Runtime Environment (8.0_181-b13) (build 1.8.0_181-b13)
# Java VM: Java HotSpot(TM) 64-Bit Server VM (25.181-b13 mixed mode windows-amd64 compressed oops)
Heap:
 PSYoungGen      total 443392K, used 76671K [0x00000000e0000000, 0x00000000fe100000, 0x0000000100000000)
  eden space 419840K, 12% used [0x00000000e0000000,0x00000000e33e5f08,0x00000000f9a00000)
  from space 23552K, 99% used [0x00000000fca00000,0x00000000fe0fa040,0x00000000fe100000)
  to   space 29696K, 0% used [0x00000000fa700000,0x00000000fa700000,0x00000000fc400000)
 ParOldGen       total 195072K, used 42735K [0x00000000a0000000, 0x00000000abe80000, 0x00000000e0000000)
  object space 195072K, 21% used [0x00000000a0000000,0x00000000a29bbed0,0x00000000abe80000)
 Metaspace       used 68587K, capacity 72556K, committed 72832K, reserved 1112064K
  class space    used 9731K, capacity 10557K, committed 10624K, reserved 1048576K
GC Heap History (10 events):
Event: 9.873 GC heap before
{Heap before GC invocations=9 (full 2):
 PSYoungGen      total 232448K, used 216576K [0x00000000e0000000, 0x00000000efe80000, 0x0000000100000000)
  eden space 216576K, 100% used [0x00000000e0000000,0x00000000ed380000,0x00000000ed380000)
  from space 15872K, 0% used [0x00000000ee200000,0x00000000ee200000,0x00000000ef180000)
  to   space 14848K, 0% used [0x00000000ed380000,0x00000000ed380000,0x00000000ee200000)
 ParOldGen       total 140288K, used 15775K [0x00000000a0000000, 0x00000000a8900000, 0x00000000e0000000)
  object space 140288K, 11% used [0x00000000a0000000,0x00000000a0f67d38,0x00000000a8900000)
 Metaspace       used 44953K, capacity 46690K, committed 46848K, reserved 1089536K
  class space    used 6247K, capacity 6617K, committed 6656K, reserved 1048576K
Event: 9.891 GC heap after
Heap after GC invocations=9 (full 2):
 PSYoungGen      total 231424K, used 13965K [0x00000000e0000000, 0x00000000f6580000, 0x0000000100000000)
  eden space 216576K, 0% used [0x00000000e0000000,0x00000000e0000000,0x00000000ed380000)
  from space 14848K, 94% used [0x00000000ed380000,0x00000000ee123720,0x00000000ee200000)
  to   space 16384K, 0% used [0x00000000f5580000,0x00000000f5580000,0x00000000f6580000)
 ParOldGen       total 140288K, used 15783K [0x00000000a0000000, 0x00000000a8900000, 0x00000000e0000000)
  object space 140288K, 11% used [0x00000000a0000000,0x00000000a0f69d38,0x00000000a8900000)
 Metaspace       used 44953K, capacity 46690K, committed 46848K, reserved 1089536K
  class space    used 6247K, capacity 6617K, committed 6656K, reserved 1048576K
}
Event: 12.631 GC heap before
{Heap before GC invocations=10 (full 2):
 PSYoungGen      total 231424K, used 230541K [0x00000000e0000000, 0x00000000f6580000, 0x0000000100000000)
  eden space 216576K, 100% used [0x00000000e0000000,0x00000000ed380000,0x00000000ed380000)
  from space 14848K, 94% used [0x00000000ed380000,0x00000000ee123720,0x00000000ee200000)
  to   space 16384K, 0% used [0x00000000f5580000,0x00000000f5580000,0x00000000f6580000)
 ParOldGen       total 140288K, used 15783K [0x00000000a0000000, 0x00000000a8900000, 0x00000000e0000000)
  object space 140288K, 11% used [0x00000000a0000000,0x00000000a0f69d38,0x00000000a8900000)
 Metaspace       used 55389K, capacity 57746K, committed 57856K, reserved 1099776K
  class space    used 7660K, capacity 8173K, committed 8192K, reserved 1048576K
Event: 12.663 GC heap after
Heap after GC invocations=10 (full 2):
 PSYoungGen      total 341504K, used 16360K [0x00000000e0000000, 0x00000000f6880000, 0x0000000100000000)
  eden space 325120K, 0% used [0x00000000e0000000,0x00000000e0000000,0x00000000f3d80000)
  from space 16384K, 99% used [0x00000000f5580000,0x00000000f657a188,0x00000000f6580000)
  to   space 22016K, 0% used [0x00000000f3d80000,0x00000000f3d80000,0x00000000f5300000)
 ParOldGen       total 140288K, used 24112K [0x00000000a0000000, 0x00000000a8900000, 0x00000000e0000000)
  object space 140288K, 17% used [0x00000000a0000000,0x00000000a178c368,0x00000000a8900000)
 Metaspace       used 55389K, capacity 57746K, committed 57856K, reserved 1099776K
  class space    used 7660K, capacity 8173K, committed 8192K, reserved 1048576K
}
Event: 12.937 GC heap before
{Heap before GC invocations=11 (full 2):
 PSYoungGen      total 341504K, used 32057K [0x00000000e0000000, 0x00000000f6880000, 0x0000000100000000)
  eden space 325120K, 4% used [0x00000000e0000000,0x00000000e0f54468,0x00000000f3d80000)
  from space 16384K, 99% used [0x00000000f5580000,0x00000000f657a188,0x00000000f6580000)
  to   space 22016K, 0% used [0x00000000f3d80000,0x00000000f3d80000,0x00000000f5300000)
 ParOldGen       total 140288K, used 24112K [0x00000000a0000000, 0x00000000a8900000, 0x00000000e0000000)
  object space 140288K, 17% used [0x00000000a0000000,0x00000000a178c368,0x00000000a8900000)
 Metaspace       used 56595K, capacity 59040K, committed 59136K, reserved 1099776K
  class space    used 7884K, capacity 8398K, committed 8448K, reserved 1048576K
Event: 12.960 GC heap after
Heap after GC invocations=11 (full 2):
 PSYoungGen      total 347136K, used 17970K [0x00000000e0000000, 0x00000000fe100000, 0x0000000100000000)
  eden space 325120K, 0% used [0x00000000e0000000,0x00000000e0000000,0x00000000f3d80000)
  from space 22016K, 81% used [0x00000000f3d80000,0x00000000f4f0c9b8,0x00000000f5300000)
  to   space 23552K, 0% used [0x00000000fca00000,0x00000000fca00000,0x00000000fe100000)
 ParOldGen       total 140288K, used 24120K [0x00000000a0000000, 0x00000000a8900000, 0x00000000e0000000)
  object space 140288K, 17% used [0x00000000a0000000,0x00000000a178e368,0x00000000a8900000)
 Metaspace       used 56595K, capacity 59040K, committed 59136K, reserved 1099776K
  class space    used 7884K, capacity 8398K, committed 8448K, reserved 1048576K
}
Event: 12.960 GC heap before
{Heap before GC invocations=12 (full 3):
 PSYoungGen      total 347136K, used 17970K [0x00000000e0000000, 0x00000000fe100000, 0x0000000100000000)
  eden space 325120K, 0% used [0x00000000e0000000,0x00000000e0000000,0x00000000f3d80000)
  from space 22016K, 81% used [0x00000000f3d80000,0x00000000f4f0c9b8,0x00000000f5300000)
  to   space 23552K, 0% used [0x00000000fca00000,0x00000000fca00000,0x00000000fe100000)
 ParOldGen       total 140288K, used 24120K [0x00000000a0000000, 0x00000000a8900000, 0x00000000e0000000)
  object space 140288K, 17% used [0x00000000a0000000,0x00000000a178e368,0x00000000a8900000)
 Metaspace       used 56595K, capacity 59040K, committed 59136K, reserved 1099776K
  class space    used 7884K, capacity 8398K, committed 8448K, reserved 1048576K
Event: 13.258 GC heap after
Heap after GC invocations=12 (full 3):
 PSYoungGen      total 347136K, used 0K [0x00000000e0000000, 0x00000000fe100000, 0x0000000100000000)
  eden space 325120K, 0% used [0x00000000e0000000,0x00000000e0000000,0x00000000f3d80000)
  from space 22016K, 0% used [0x00000000f3d80000,0x00000000f3d80000,0x00000000f5300000)
  to   space 23552K, 0% used [0x00000000fca00000,0x00000000fca00000,0x00000000fe100000)
 ParOldGen       total 195072K, used 33509K [0x00000000a0000000, 0x00000000abe80000, 0x00000000e0000000)
  object space 195072K, 17% used [0x00000000a0000000,0x00000000a20b94e8,0x00000000abe80000)
 Metaspace       used 56581K, capacity 58992K, committed 59136K, reserved 1099776K
  class space    used 7879K, capacity 8390K, committed 8448K, reserved 1048576K
}
Event: 18.647 GC heap before
{Heap before GC invocations=13 (full 3):
 PSYoungGen      total 347136K, used 325120K [0x00000000e0000000, 0x00000000fe100000, 0x0000000100000000)
  eden space 325120K, 100% used [0x00000000e0000000,0x00000000f3d80000,0x00000000f3d80000)
  from space 22016K, 0% used [0x00000000f3d80000,0x00000000f3d80000,0x00000000f5300000)
  to   space 23552K, 0% used [0x00000000fca00000,0x00000000fca00000,0x00000000fe100000)
 ParOldGen       total 195072K, used 33509K [0x00000000a0000000, 0x00000000abe80000, 0x00000000e0000000)
  object space 195072K, 17% used [0x00000000a0000000,0x00000000a20b94e8,0x00000000abe80000)
 Metaspace       used 67886K, capacity 71666K, committed 71936K, reserved 1110016K
  class space    used 9599K, capacity 10405K, committed 10496K, reserved 1048576K
Event: 18.700 GC heap after
Heap after GC invocations=13 (full 3):
 PSYoungGen      total 443392K, used 23528K [0x00000000e0000000, 0x00000000fe100000, 0x0000000100000000)
  eden space 419840K, 0% used [0x00000000e0000000,0x00000000e0000000,0x00000000f9a00000)
  from space 23552K, 99% used [0x00000000fca00000,0x00000000fe0fa040,0x00000000fe100000)
  to   space 29696K, 0% used [0x00000000fa700000,0x00000000fa700000,0x00000000fc400000)
 ParOldGen       total 195072K, used 42735K [0x00000000a0000000, 0x00000000abe80000, 0x00000000e0000000)
  object space 195072K, 21% used [0x00000000a0000000,0x00000000a29bbed0,0x00000000abe80000)
 Metaspace       used 67886K, capacity 71666K, committed 71936K, reserved 1110016K
  class space    used 9599K, capacity 10405K, committed 10496K, reserved 1048576K
}

