# JRE version: Java(TM) SE Runtime Environment (8.0_181-b13) (build 1.8.0_181-b13)
# Java VM: Java HotSpot(TM) 64-Bit Server VM (25.181-b13 mixed mode windows-amd64 compressed oops)
Heap:
 PSYoungGen      total 483328K, used 319116K [0x00000000e0000000, 0x0000000100000000, 0x0000000100000000)
  eden space 443392K, 71% used [0x00000000e0000000,0x00000000f37a32a0,0x00000000fb100000)
  from space 39936K, 0% used [0x00000000fd900000,0x00000000fd900000,0x0000000100000000)
  to   space 40448K, 0% used [0x00000000fb100000,0x00000000fb100000,0x00000000fd880000)
 ParOldGen       total 440320K, used 151898K [0x00000000a0000000, 0x00000000bae00000, 0x00000000e0000000)
  object space 440320K, 34% used [0x00000000a0000000,0x00000000a94569b8,0x00000000bae00000)
 Metaspace       used 81631K, capacity 86478K, committed 86656K, reserved 1124352K
  class space    used 11195K, capacity 12109K, committed 12160K, reserved 1048576K
GC Heap History (10 events):
Event: 14.762 GC heap before
{Heap before GC invocations=12 (full 3):
 PSYoungGen      total 330752K, used 18547K [0x00000000e0000000, 0x00000000fc180000, 0x0000000100000000)
  eden space 309248K, 0% used [0x00000000e0000000,0x00000000e0000000,0x00000000f2e00000)
  from space 21504K, 86% used [0x00000000f2e00000,0x00000000f401cd38,0x00000000f4300000)
  to   space 23040K, 0% used [0x00000000fab00000,0x00000000fab00000,0x00000000fc180000)
 ParOldGen       total 147968K, used 23637K [0x00000000a0000000, 0x00000000a9080000, 0x00000000e0000000)
  object space 147968K, 15% used [0x00000000a0000000,0x00000000a1715728,0x00000000a9080000)
 Metaspace       used 56517K, capacity 59038K, committed 59136K, reserved 1099776K
  class space    used 7877K, capacity 8399K, committed 8448K, reserved 1048576K
Event: 15.143 GC heap after
Heap after GC invocations=12 (full 3):
 PSYoungGen      total 330752K, used 0K [0x00000000e0000000, 0x00000000fc180000, 0x0000000100000000)
  eden space 309248K, 0% used [0x00000000e0000000,0x00000000e0000000,0x00000000f2e00000)
  from space 21504K, 0% used [0x00000000f2e00000,0x00000000f2e00000,0x00000000f4300000)
  to   space 23040K, 0% used [0x00000000fab00000,0x00000000fab00000,0x00000000fc180000)
 ParOldGen       total 211968K, used 34295K [0x00000000a0000000, 0x00000000acf00000, 0x00000000e0000000)
  object space 211968K, 16% used [0x00000000a0000000,0x00000000a217dd90,0x00000000acf00000)
 Metaspace       used 56497K, capacity 58972K, committed 59136K, reserved 1099776K
  class space    used 7870K, capacity 8388K, committed 8448K, reserved 1048576K
}
Event: 20.658 GC heap before
{Heap before GC invocations=13 (full 3):
 PSYoungGen      total 330752K, used 309248K [0x00000000e0000000, 0x00000000fc180000, 0x0000000100000000)
  eden space 309248K, 100% used [0x00000000e0000000,0x00000000f2e00000,0x00000000f2e00000)
  from space 21504K, 0% used [0x00000000f2e00000,0x00000000f2e00000,0x00000000f4300000)
  to   space 23040K, 0% used [0x00000000fab00000,0x00000000fab00000,0x00000000fc180000)
 ParOldGen       total 211968K, used 34295K [0x00000000a0000000, 0x00000000acf00000, 0x00000000e0000000)
  object space 211968K, 16% used [0x00000000a0000000,0x00000000a217dd90,0x00000000acf00000)
 Metaspace       used 67338K, capacity 71084K, committed 71296K, reserved 1110016K
  class space    used 9507K, capacity 10284K, committed 10368K, reserved 1048576K
Event: 20.718 GC heap after
Heap after GC invocations=13 (full 3):
 PSYoungGen      total 410112K, used 23037K [0x00000000e0000000, 0x00000000fc180000, 0x0000000100000000)
  eden space 387072K, 0% used [0x00000000e0000000,0x00000000e0000000,0x00000000f7a00000)
  from space 23040K, 99% used [0x00000000fab00000,0x00000000fc17f4e0,0x00000000fc180000)
  to   space 29184K, 0% used [0x00000000f8880000,0x00000000f8880000,0x00000000fa500000)
 ParOldGen       total 211968K, used 42492K [0x00000000a0000000, 0x00000000acf00000, 0x00000000e0000000)
  object space 211968K, 20% used [0x00000000a0000000,0x00000000a297f020,0x00000000acf00000)
 Metaspace       used 67338K, capacity 71084K, committed 71296K, reserved 1110016K
  class space    used 9507K, capacity 10284K, committed 10368K, reserved 1048576K
}
Event: 51.524 GC heap before
{Heap before GC invocations=14 (full 3):
 PSYoungGen      total 410112K, used 363859K [0x00000000e0000000, 0x00000000fc180000, 0x0000000100000000)
  eden space 387072K, 88% used [0x00000000e0000000,0x00000000f4cd5998,0x00000000f7a00000)
  from space 23040K, 99% used [0x00000000fab00000,0x00000000fc17f4e0,0x00000000fc180000)
  to   space 29184K, 0% used [0x00000000f8880000,0x00000000f8880000,0x00000000fa500000)
 ParOldGen       total 211968K, used 42492K [0x00000000a0000000, 0x00000000acf00000, 0x00000000e0000000)
  object space 211968K, 20% used [0x00000000a0000000,0x00000000a297f020,0x00000000acf00000)
 Metaspace       used 75422K, capacity 79832K, committed 79872K, reserved 1118208K
  class space    used 10629K, capacity 11489K, committed 11520K, reserved 1048576K
Event: 51.581 GC heap after
Heap after GC invocations=14 (full 3):
 PSYoungGen      total 431104K, used 29176K [0x00000000e0000000, 0x0000000100000000, 0x0000000100000000)
  eden space 401920K, 0% used [0x00000000e0000000,0x00000000e0000000,0x00000000f8880000)
  from space 29184K, 99% used [0x00000000f8880000,0x00000000fa4fe080,0x00000000fa500000)
  to   space 39936K, 0% used [0x00000000fd900000,0x00000000fd900000,0x0000000100000000)
 ParOldGen       total 211968K, used 60867K [0x00000000a0000000, 0x00000000acf00000, 0x00000000e0000000)
  object space 211968K, 28% used [0x00000000a0000000,0x00000000a3b70e50,0x00000000acf00000)
 Metaspace       used 75422K, capacity 79832K, committed 79872K, reserved 1118208K
  class space    used 10629K, capacity 11489K, committed 11520K, reserved 1048576K
}
Event: 54.814 GC heap before
{Heap before GC invocations=15 (full 3):
 PSYoungGen      total 431104K, used 431062K [0x00000000e0000000, 0x0000000100000000, 0x0000000100000000)
  eden space 401920K, 99% used [0x00000000e0000000,0x00000000f8877ad0,0x00000000f8880000)
  from space 29184K, 99% used [0x00000000f8880000,0x00000000fa4fe080,0x00000000fa500000)
  to   space 39936K, 0% used [0x00000000fd900000,0x00000000fd900000,0x0000000100000000)
 ParOldGen       total 211968K, used 60867K [0x00000000a0000000, 0x00000000acf00000, 0x00000000e0000000)
  object space 211968K, 28% used [0x00000000a0000000,0x00000000a3b70e50,0x00000000acf00000)
 Metaspace       used 77368K, capacity 81886K, committed 82176K, reserved 1120256K
  class space    used 10876K, capacity 11766K, committed 11776K, reserved 1048576K
Event: 54.906 GC heap after
Heap after GC invocations=15 (full 3):
 PSYoungGen      total 483328K, used 25244K [0x00000000e0000000, 0x0000000100000000, 0x0000000100000000)
  eden space 443392K, 0% used [0x00000000e0000000,0x00000000e0000000,0x00000000fb100000)
  from space 39936K, 63% used [0x00000000fd900000,0x00000000ff1a7380,0x0000000100000000)
  to   space 40448K, 0% used [0x00000000fb100000,0x00000000fb100000,0x00000000fd880000)
 ParOldGen       total 211968K, used 186653K [0x00000000a0000000, 0x00000000acf00000, 0x00000000e0000000)
  object space 211968K, 88% used [0x00000000a0000000,0x00000000ab6475d0,0x00000000acf00000)
 Metaspace       used 77368K, capacity 81886K, committed 82176K, reserved 1120256K
  class space    used 10876K, capacity 11766K, committed 11776K, reserved 1048576K
}
Event: 54.906 GC heap before
{Heap before GC invocations=16 (full 4):
 PSYoungGen      total 483328K, used 25244K [0x00000000e0000000, 0x0000000100000000, 0x0000000100000000)
  eden space 443392K, 0% used [0x00000000e0000000,0x00000000e0000000,0x00000000fb100000)
  from space 39936K, 63% used [0x00000000fd900000,0x00000000ff1a7380,0x0000000100000000)
  to   space 40448K, 0% used [0x00000000fb100000,0x00000000fb100000,0x00000000fd880000)
 ParOldGen       total 211968K, used 186653K [0x00000000a0000000, 0x00000000acf00000, 0x00000000e0000000)
  object space 211968K, 88% used [0x00000000a0000000,0x00000000ab6475d0,0x00000000acf00000)
 Metaspace       used 77368K, capacity 81886K, committed 82176K, reserved 1120256K
  class space    used 10876K, capacity 11766K, committed 11776K, reserved 1048576K
Event: 55.257 GC heap after
Heap after GC invocations=16 (full 4):
 PSYoungGen      total 483328K, used 0K [0x00000000e0000000, 0x0000000100000000, 0x0000000100000000)
  eden space 443392K, 0% used [0x00000000e0000000,0x00000000e0000000,0x00000000fb100000)
  from space 39936K, 0% used [0x00000000fd900000,0x00000000fd900000,0x0000000100000000)
  to   space 40448K, 0% used [0x00000000fb100000,0x00000000fb100000,0x00000000fd880000)
 ParOldGen       total 440320K, used 151898K [0x00000000a0000000, 0x00000000bae00000, 0x00000000e0000000)
  object space 440320K, 34% used [0x00000000a0000000,0x00000000a94569b8,0x00000000bae00000)
 Metaspace       used 77331K, capacity 81784K, committed 82176K, reserved 1120256K
  class space    used 10864K, capacity 11747K, committed 11776K, reserved 1048576K
}

