# JRE version: Java(TM) SE Runtime Environment (8.0_181-b13) (build 1.8.0_181-b13)
# Java VM: Java HotSpot(TM) 64-Bit Server VM (25.181-b13 mixed mode windows-amd64 compressed oops)
Heap:
 PSYoungGen      total 203264K, used 191421K [0x00000000e0000000, 0x00000000ef980000, 0x0000000100000000)
  eden space 182784K, 95% used [0x00000000e0000000,0x00000000ea9f7770,0x00000000eb280000)
  from space 20480K, 84% used [0x00000000eb280000,0x00000000ec377c98,0x00000000ec680000)
  to   space 21504K, 0% used [0x00000000ee480000,0x00000000ee480000,0x00000000ef980000)
 ParOldGen       total 232448K, used 36641K [0x00000000a0000000, 0x00000000ae300000, 0x00000000e0000000)
  object space 232448K, 15% used [0x00000000a0000000,0x00000000a23c8628,0x00000000ae300000)
 Metaspace       used 68613K, capacity 72556K, committed 72832K, reserved 1112064K
  class space    used 9730K, capacity 10557K, committed 10624K, reserved 1048576K
GC Heap History (10 events):
Event: 8.233 GC heap before
{Heap before GC invocations=10 (full 2):
 PSYoungGen      total 117760K, used 105984K [0x00000000e0000000, 0x00000000ec700000, 0x0000000100000000)
  eden space 105984K, 100% used [0x00000000e0000000,0x00000000e6780000,0x00000000e6780000)
  from space 11776K, 0% used [0x00000000e6780000,0x00000000e6780000,0x00000000e7300000)
  to   space 11264K, 0% used [0x00000000ebc00000,0x00000000ebc00000,0x00000000ec700000)
 ParOldGen       total 150016K, used 15606K [0x00000000a0000000, 0x00000000a9280000, 0x00000000e0000000)
  object space 150016K, 10% used [0x00000000a0000000,0x00000000a0f3daf8,0x00000000a9280000)
 Metaspace       used 37370K, capacity 38914K, committed 39168K, reserved 1083392K
  class space    used 5233K, capacity 5552K, committed 5632K, reserved 1048576K
Event: 8.241 GC heap after
Heap after GC invocations=10 (full 2):
 PSYoungGen      total 156672K, used 5221K [0x00000000e0000000, 0x00000000ec180000, 0x0000000100000000)
  eden space 151040K, 0% used [0x00000000e0000000,0x00000000e0000000,0x00000000e9380000)
  from space 5632K, 92% used [0x00000000ebc00000,0x00000000ec1197f8,0x00000000ec180000)
  to   space 11776K, 0% used [0x00000000eaa80000,0x00000000eaa80000,0x00000000eb600000)
 ParOldGen       total 150016K, used 15614K [0x00000000a0000000, 0x00000000a9280000, 0x00000000e0000000)
  object space 150016K, 10% used [0x00000000a0000000,0x00000000a0f3faf8,0x00000000a9280000)
 Metaspace       used 37370K, capacity 38914K, committed 39168K, reserved 1083392K
  class space    used 5233K, capacity 5552K, committed 5632K, reserved 1048576K
}
Event: 10.742 GC heap before
{Heap before GC invocations=11 (full 2):
 PSYoungGen      total 156672K, used 156261K [0x00000000e0000000, 0x00000000ec180000, 0x0000000100000000)
  eden space 151040K, 100% used [0x00000000e0000000,0x00000000e9380000,0x00000000e9380000)
  from space 5632K, 92% used [0x00000000ebc00000,0x00000000ec1197f8,0x00000000ec180000)
  to   space 11776K, 0% used [0x00000000eaa80000,0x00000000eaa80000,0x00000000eb600000)
 ParOldGen       total 150016K, used 15614K [0x00000000a0000000, 0x00000000a9280000, 0x00000000e0000000)
  object space 150016K, 10% used [0x00000000a0000000,0x00000000a0f3faf8,0x00000000a9280000)
 Metaspace       used 51374K, capacity 53438K, committed 53504K, reserved 1095680K
  class space    used 7013K, capacity 7377K, committed 7424K, reserved 1048576K
Event: 10.765 GC heap after
Heap after GC invocations=11 (full 2):
 PSYoungGen      total 186368K, used 11758K [0x00000000e0000000, 0x00000000ed680000, 0x0000000100000000)
  eden space 174592K, 0% used [0x00000000e0000000,0x00000000e0000000,0x00000000eaa80000)
  from space 11776K, 99% used [0x00000000eaa80000,0x00000000eb5fb9e8,0x00000000eb600000)
  to   space 16384K, 0% used [0x00000000ec680000,0x00000000ec680000,0x00000000ed680000)
 ParOldGen       total 150016K, used 23883K [0x00000000a0000000, 0x00000000a9280000, 0x00000000e0000000)
  object space 150016K, 15% used [0x00000000a0000000,0x00000000a1752e88,0x00000000a9280000)
 Metaspace       used 51374K, capacity 53438K, committed 53504K, reserved 1095680K
  class space    used 7013K, capacity 7377K, committed 7424K, reserved 1048576K
}
Event: 13.124 GC heap before
{Heap before GC invocations=12 (full 2):
 PSYoungGen      total 186368K, used 169859K [0x00000000e0000000, 0x00000000ed680000, 0x0000000100000000)
  eden space 174592K, 90% used [0x00000000e0000000,0x00000000e9a65340,0x00000000eaa80000)
  from space 11776K, 99% used [0x00000000eaa80000,0x00000000eb5fb9e8,0x00000000eb600000)
  to   space 16384K, 0% used [0x00000000ec680000,0x00000000ec680000,0x00000000ed680000)
 ParOldGen       total 150016K, used 23883K [0x00000000a0000000, 0x00000000a9280000, 0x00000000e0000000)
  object space 150016K, 15% used [0x00000000a0000000,0x00000000a1752e88,0x00000000a9280000)
 Metaspace       used 56689K, capacity 59128K, committed 59160K, reserved 1099776K
  class space    used 7899K, capacity 8430K, committed 8448K, reserved 1048576K
Event: 13.150 GC heap after
Heap after GC invocations=12 (full 2):
 PSYoungGen      total 199168K, used 16376K [0x00000000e0000000, 0x00000000ef900000, 0x0000000100000000)
  eden space 182784K, 0% used [0x00000000e0000000,0x00000000e0000000,0x00000000eb280000)
  from space 16384K, 99% used [0x00000000ec680000,0x00000000ed67e198,0x00000000ed680000)
  to   space 20480K, 0% used [0x00000000eb280000,0x00000000eb280000,0x00000000ec680000)
 ParOldGen       total 150016K, used 29798K [0x00000000a0000000, 0x00000000a9280000, 0x00000000e0000000)
  object space 150016K, 19% used [0x00000000a0000000,0x00000000a1d19900,0x00000000a9280000)
 Metaspace       used 56689K, capacity 59128K, committed 59160K, reserved 1099776K
  class space    used 7899K, capacity 8430K, committed 8448K, reserved 1048576K
}
Event: 13.150 GC heap before
{Heap before GC invocations=13 (full 3):
 PSYoungGen      total 199168K, used 16376K [0x00000000e0000000, 0x00000000ef900000, 0x0000000100000000)
  eden space 182784K, 0% used [0x00000000e0000000,0x00000000e0000000,0x00000000eb280000)
  from space 16384K, 99% used [0x00000000ec680000,0x00000000ed67e198,0x00000000ed680000)
  to   space 20480K, 0% used [0x00000000eb280000,0x00000000eb280000,0x00000000ec680000)
 ParOldGen       total 150016K, used 29798K [0x00000000a0000000, 0x00000000a9280000, 0x00000000e0000000)
  object space 150016K, 19% used [0x00000000a0000000,0x00000000a1d19900,0x00000000a9280000)
 Metaspace       used 56689K, capacity 59128K, committed 59160K, reserved 1099776K
  class space    used 7899K, capacity 8430K, committed 8448K, reserved 1048576K
Event: 13.498 GC heap after
Heap after GC invocations=13 (full 3):
 PSYoungGen      total 199168K, used 0K [0x00000000e0000000, 0x00000000ef900000, 0x0000000100000000)
  eden space 182784K, 0% used [0x00000000e0000000,0x00000000e0000000,0x00000000eb280000)
  from space 16384K, 0% used [0x00000000ec680000,0x00000000ec680000,0x00000000ed680000)
  to   space 20480K, 0% used [0x00000000eb280000,0x00000000eb280000,0x00000000ec680000)
 ParOldGen       total 232448K, used 36633K [0x00000000a0000000, 0x00000000ae300000, 0x00000000e0000000)
  object space 232448K, 15% used [0x00000000a0000000,0x00000000a23c6628,0x00000000ae300000)
 Metaspace       used 56678K, capacity 59092K, committed 59160K, reserved 1099776K
  class space    used 7896K, capacity 8424K, committed 8448K, reserved 1048576K
}
Event: 16.959 GC heap before
{Heap before GC invocations=14 (full 3):
 PSYoungGen      total 199168K, used 182784K [0x00000000e0000000, 0x00000000ef900000, 0x0000000100000000)
  eden space 182784K, 100% used [0x00000000e0000000,0x00000000eb280000,0x00000000eb280000)
  from space 16384K, 0% used [0x00000000ec680000,0x00000000ec680000,0x00000000ed680000)
  to   space 20480K, 0% used [0x00000000eb280000,0x00000000eb280000,0x00000000ec680000)
 ParOldGen       total 232448K, used 36633K [0x00000000a0000000, 0x00000000ae300000, 0x00000000e0000000)
  object space 232448K, 15% used [0x00000000a0000000,0x00000000a23c6628,0x00000000ae300000)
 Metaspace       used 61487K, capacity 64802K, committed 65024K, reserved 1105920K
  class space    used 8640K, capacity 9361K, committed 9472K, reserved 1048576K
Event: 16.984 GC heap after
Heap after GC invocations=14 (full 3):
 PSYoungGen      total 203264K, used 17375K [0x00000000e0000000, 0x00000000ef980000, 0x0000000100000000)
  eden space 182784K, 0% used [0x00000000e0000000,0x00000000e0000000,0x00000000eb280000)
  from space 20480K, 84% used [0x00000000eb280000,0x00000000ec377c98,0x00000000ec680000)
  to   space 21504K, 0% used [0x00000000ee480000,0x00000000ee480000,0x00000000ef980000)
 ParOldGen       total 232448K, used 36641K [0x00000000a0000000, 0x00000000ae300000, 0x00000000e0000000)
  object space 232448K, 15% used [0x00000000a0000000,0x00000000a23c8628,0x00000000ae300000)
 Metaspace       used 61487K, capacity 64802K, committed 65024K, reserved 1105920K
  class space    used 8640K, capacity 9361K, committed 9472K, reserved 1048576K
}

