# JRE version: Java(TM) SE Runtime Environment (8.0_181-b13) (build 1.8.0_181-b13)
# Java VM: Java HotSpot(TM) 64-Bit Server VM (25.181-b13 mixed mode windows-amd64 compressed oops)
Heap:
 PSYoungGen      total 75776K, used 19684K [0x00000000e0000000, 0x00000000e5480000, 0x0000000100000000)
  eden space 65024K, 15% used [0x00000000e0000000,0x00000000e09fb9c0,0x00000000e3f80000)
  from space 10752K, 88% used [0x00000000e4a00000,0x00000000e533d908,0x00000000e5480000)
  to   space 10752K, 0% used [0x00000000e3f80000,0x00000000e3f80000,0x00000000e4a00000)
 ParOldGen       total 173568K, used 16K [0x00000000a0000000, 0x00000000aa980000, 0x00000000e0000000)
  object space 173568K, 0% used [0x00000000a0000000,0x00000000a0004000,0x00000000aa980000)
 Metaspace       used 15534K, capacity 16118K, committed 16256K, reserved 1062912K
  class space    used 2193K, capacity 2383K, committed 2432K, reserved 1048576K
GC Heap History (4 events):
Event: 3.446 GC heap before
{Heap before GC invocations=1 (full 0):
 PSYoungGen      total 75776K, used 65024K [0x00000000e0000000, 0x00000000e5480000, 0x0000000100000000)
  eden space 65024K, 100% used [0x00000000e0000000,0x00000000e3f80000,0x00000000e3f80000)
  from space 10752K, 0% used [0x00000000e4a00000,0x00000000e4a00000,0x00000000e5480000)
  to   space 10752K, 0% used [0x00000000e3f80000,0x00000000e3f80000,0x00000000e4a00000)
 ParOldGen       total 173568K, used 0K [0x00000000a0000000, 0x00000000aa980000, 0x00000000e0000000)
  object space 173568K, 0% used [0x00000000a0000000,0x00000000a0000000,0x00000000aa980000)
 Metaspace       used 7358K, capacity 7606K, committed 7680K, reserved 1056768K
  class space    used 921K, capacity 1005K, committed 1024K, reserved 1048576K
Event: 3.461 GC heap after
Heap after GC invocations=1 (full 0):
 PSYoungGen      total 75776K, used 5831K [0x00000000e0000000, 0x00000000e5480000, 0x0000000100000000)
  eden space 65024K, 0% used [0x00000000e0000000,0x00000000e0000000,0x00000000e3f80000)
  from space 10752K, 54% used [0x00000000e3f80000,0x00000000e4531d90,0x00000000e4a00000)
  to   space 10752K, 0% used [0x00000000e4a00000,0x00000000e4a00000,0x00000000e5480000)
 ParOldGen       total 173568K, used 8K [0x00000000a0000000, 0x00000000aa980000, 0x00000000e0000000)
  object space 173568K, 0% used [0x00000000a0000000,0x00000000a0002000,0x00000000aa980000)
 Metaspace       used 7358K, capacity 7606K, committed 7680K, reserved 1056768K
  class space    used 921K, capacity 1005K, committed 1024K, reserved 1048576K
}
Event: 7.287 GC heap before
{Heap before GC invocations=2 (full 0):
 PSYoungGen      total 75776K, used 70855K [0x00000000e0000000, 0x00000000e5480000, 0x0000000100000000)
  eden space 65024K, 100% used [0x00000000e0000000,0x00000000e3f80000,0x00000000e3f80000)
  from space 10752K, 54% used [0x00000000e3f80000,0x00000000e4531d90,0x00000000e4a00000)
  to   space 10752K, 0% used [0x00000000e4a00000,0x00000000e4a00000,0x00000000e5480000)
 ParOldGen       total 173568K, used 8K [0x00000000a0000000, 0x00000000aa980000, 0x00000000e0000000)
  object space 173568K, 0% used [0x00000000a0000000,0x00000000a0002000,0x00000000aa980000)
 Metaspace       used 14207K, capacity 14634K, committed 14976K, reserved 1062912K
  class space    used 1998K, capacity 2101K, committed 2176K, reserved 1048576K
Event: 7.307 GC heap after
Heap after GC invocations=2 (full 0):
 PSYoungGen      total 75776K, used 9462K [0x00000000e0000000, 0x00000000e5480000, 0x0000000100000000)
  eden space 65024K, 0% used [0x00000000e0000000,0x00000000e0000000,0x00000000e3f80000)
  from space 10752K, 88% used [0x00000000e4a00000,0x00000000e533d908,0x00000000e5480000)
  to   space 10752K, 0% used [0x00000000e3f80000,0x00000000e3f80000,0x00000000e4a00000)
 ParOldGen       total 173568K, used 16K [0x00000000a0000000, 0x00000000aa980000, 0x00000000e0000000)
  object space 173568K, 0% used [0x00000000a0000000,0x00000000a0004000,0x00000000aa980000)
 Metaspace       used 14207K, capacity 14634K, committed 14976K, reserved 1062912K
  class space    used 1998K, capacity 2101K, committed 2176K, reserved 1048576K
}

