# JRE version: OpenJDK Runtime Environment (11.0.10) (build 11.0.10+0-b96-7249189)
# Java VM: OpenJDK 64-Bit Server VM (11.0.10+0-b96-7249189, mixed mode, tiered, compressed oops, g1 gc, windows-amd64)
Heap:
 garbage-first heap   total 312320K, used 147456K [0x00000000a0000000, 0x0000000100000000)
  region size 1024K, 56 young (57344K), 14 survivors (14336K)
 Metaspace       used 79442K, capacity 82552K, committed 82860K, reserved 1120256K
  class space    used 10417K, capacity 11427K, committed 11520K, reserved 1048576K
GC Heap History (20 events):
Event: 2.826 GC heap before
{Heap before GC invocations=3 (full 0):
 garbage-first heap   total 260096K, used 55246K [0x00000000a0000000, 0x0000000100000000)
  region size 1024K, 45 young (46080K), 4 survivors (4096K)
 Metaspace       used 18602K, capacity 18983K, committed 19072K, reserved 1067008K
  class space    used 2250K, capacity 2374K, committed 2432K, reserved 1048576K
}
Event: 2.833 GC heap after
{Heap after GC invocations=4 (full 0):
 garbage-first heap   total 260096K, used 16030K [0x00000000a0000000, 0x0000000100000000)
  region size 1024K, 3 young (3072K), 3 survivors (3072K)
 Metaspace       used 18602K, capacity 18983K, committed 19072K, reserved 1067008K
  class space    used 2250K, capacity 2374K, committed 2432K, reserved 1048576K
}
Event: 2.977 GC heap before
{Heap before GC invocations=4 (full 0):
 garbage-first heap   total 260096K, used 27294K [0x00000000a0000000, 0x0000000100000000)
  region size 1024K, 15 young (15360K), 3 survivors (3072K)
 Metaspace       used 20648K, capacity 21069K, committed 21248K, reserved 1067008K
  class space    used 2543K, capacity 2691K, committed 2816K, reserved 1048576K
}
Event: 2.981 GC heap after
{Heap after GC invocations=5 (full 0):
 garbage-first heap   total 260096K, used 16465K [0x00000000a0000000, 0x0000000100000000)
  region size 1024K, 4 young (4096K), 4 survivors (4096K)
 Metaspace       used 20648K, capacity 21069K, committed 21248K, reserved 1067008K
  class space    used 2543K, capacity 2691K, committed 2816K, reserved 1048576K
}
Event: 3.576 GC heap before
{Heap before GC invocations=6 (full 0):
 garbage-first heap   total 260096K, used 72785K [0x00000000a0000000, 0x0000000100000000)
  region size 1024K, 60 young (61440K), 4 survivors (4096K)
 Metaspace       used 26585K, capacity 27154K, committed 27264K, reserved 1073152K
  class space    used 3480K, capacity 3703K, committed 3712K, reserved 1048576K
}
Event: 3.583 GC heap after
{Heap after GC invocations=7 (full 0):
 garbage-first heap   total 260096K, used 18713K [0x00000000a0000000, 0x0000000100000000)
  region size 1024K, 6 young (6144K), 6 survivors (6144K)
 Metaspace       used 26585K, capacity 27154K, committed 27264K, reserved 1073152K
  class space    used 3480K, capacity 3703K, committed 3712K, reserved 1048576K
}
Event: 4.266 GC heap before
{Heap before GC invocations=7 (full 0):
 garbage-first heap   total 260096K, used 66841K [0x00000000a0000000, 0x0000000100000000)
  region size 1024K, 52 young (53248K), 6 survivors (6144K)
 Metaspace       used 35123K, capacity 35739K, committed 35840K, reserved 1081344K
  class space    used 4512K, capacity 4775K, committed 4864K, reserved 1048576K
}
Event: 4.280 GC heap after
{Heap after GC invocations=8 (full 0):
 garbage-first heap   total 260096K, used 24072K [0x00000000a0000000, 0x0000000100000000)
  region size 1024K, 9 young (9216K), 9 survivors (9216K)
 Metaspace       used 35123K, capacity 35739K, committed 35840K, reserved 1081344K
  class space    used 4512K, capacity 4775K, committed 4864K, reserved 1048576K
}
Event: 5.904 GC heap before
{Heap before GC invocations=9 (full 0):
 garbage-first heap   total 260096K, used 170504K [0x00000000a0000000, 0x0000000100000000)
  region size 1024K, 152 young (155648K), 9 survivors (9216K)
 Metaspace       used 44112K, capacity 45093K, committed 45184K, reserved 1089536K
  class space    used 5641K, capacity 6012K, committed 6016K, reserved 1048576K
}
Event: 5.927 GC heap after
{Heap after GC invocations=10 (full 0):
 garbage-first heap   total 260096K, used 28513K [0x00000000a0000000, 0x0000000100000000)
  region size 1024K, 15 young (15360K), 15 survivors (15360K)
 Metaspace       used 44112K, capacity 45093K, committed 45184K, reserved 1089536K
  class space    used 5641K, capacity 6012K, committed 6016K, reserved 1048576K
}
Event: 7.762 GC heap before
{Heap before GC invocations=11 (full 0):
 garbage-first heap   total 260096K, used 174945K [0x00000000a0000000, 0x0000000100000000)
  region size 1024K, 152 young (155648K), 15 survivors (15360K)
 Metaspace       used 57155K, capacity 58481K, committed 58752K, reserved 1099776K
  class space    used 7238K, capacity 7707K, committed 7808K, reserved 1048576K
}
Event: 7.788 GC heap after
{Heap after GC invocations=12 (full 0):
 garbage-first heap   total 260096K, used 46500K [0x00000000a0000000, 0x0000000100000000)
  region size 1024K, 19 young (19456K), 19 survivors (19456K)
 Metaspace       used 57155K, capacity 58481K, committed 58752K, reserved 1099776K
  class space    used 7238K, capacity 7707K, committed 7808K, reserved 1048576K
}
Event: 9.292 GC heap before
{Heap before GC invocations=12 (full 0):
 garbage-first heap   total 260096K, used 182692K [0x00000000a0000000, 0x0000000100000000)
  region size 1024K, 152 young (155648K), 19 survivors (19456K)
 Metaspace       used 65715K, capacity 67454K, committed 67712K, reserved 1107968K
  class space    used 8455K, capacity 9052K, committed 9088K, reserved 1048576K
}
Event: 9.321 GC heap after
{Heap after GC invocations=13 (full 0):
 garbage-first heap   total 260096K, used 56320K [0x00000000a0000000, 0x0000000100000000)
  region size 1024K, 10 young (10240K), 10 survivors (10240K)
 Metaspace       used 65715K, capacity 67454K, committed 67712K, reserved 1107968K
  class space    used 8455K, capacity 9052K, committed 9088K, reserved 1048576K
}
Event: 11.176 GC heap before
{Heap before GC invocations=13 (full 0):
 garbage-first heap   total 260096K, used 195584K [0x00000000a0000000, 0x0000000100000000)
  region size 1024K, 147 young (150528K), 10 survivors (10240K)
 Metaspace       used 71030K, capacity 73459K, committed 73600K, reserved 1112064K
  class space    used 9197K, capacity 10030K, committed 10112K, reserved 1048576K
}
Event: 11.205 GC heap after
{Heap after GC invocations=14 (full 0):
 garbage-first heap   total 260096K, used 71168K [0x00000000a0000000, 0x0000000100000000)
  region size 1024K, 19 young (19456K), 19 survivors (19456K)
 Metaspace       used 71030K, capacity 73459K, committed 73600K, reserved 1112064K
  class space    used 9197K, capacity 10030K, committed 10112K, reserved 1048576K
}
Event: 11.968 GC heap before
{Heap before GC invocations=14 (full 0):
 garbage-first heap   total 260096K, used 137728K [0x00000000a0000000, 0x0000000100000000)
  region size 1024K, 80 young (81920K), 19 survivors (19456K)
 Metaspace       used 72336K, capacity 75147K, committed 75308K, reserved 1114112K
  class space    used 9355K, capacity 10303K, committed 10368K, reserved 1048576K
}
Event: 12.025 GC heap after
{Heap after GC invocations=15 (full 0):
 garbage-first heap   total 312320K, used 91590K [0x00000000a0000000, 0x0000000100000000)
  region size 1024K, 14 young (14336K), 14 survivors (14336K)
 Metaspace       used 72336K, capacity 75147K, committed 75308K, reserved 1114112K
  class space    used 9355K, capacity 10303K, committed 10368K, reserved 1048576K
}
Event: 13.580 GC heap before
{Heap before GC invocations=16 (full 0):
 garbage-first heap   total 312320K, used 204230K [0x00000000a0000000, 0x0000000100000000)
  region size 1024K, 120 young (122880K), 14 survivors (14336K)
 Metaspace       used 78730K, capacity 81792K, committed 81964K, reserved 1120256K
  class space    used 10291K, capacity 11298K, committed 11392K, reserved 1048576K
}
Event: 13.633 GC heap after
{Heap after GC invocations=17 (full 0):
 garbage-first heap   total 312320K, used 105472K [0x00000000a0000000, 0x0000000100000000)
  region size 1024K, 14 young (14336K), 14 survivors (14336K)
 Metaspace       used 78730K, capacity 81792K, committed 81964K, reserved 1120256K
  class space    used 10291K, capacity 11298K, committed 11392K, reserved 1048576K
}

