# JRE version: OpenJDK Runtime Environment (11.0.10) (build 11.0.10+0-b96-7249189)
# Java VM: OpenJDK 64-Bit Server VM (11.0.10+0-b96-7249189, mixed mode, tiered, compressed oops, g1 gc, windows-amd64)
Heap:
 garbage-first heap   total 260096K, used 83230K [0x00000000a0000000, 0x0000000100000000)
  region size 1024K, 38 young (38912K), 4 survivors (4096K)
 Metaspace       used 64542K, capacity 66006K, committed 66304K, reserved 1107968K
  class space    used 7910K, capacity 8401K, committed 8448K, reserved 1048576K
GC Heap History (20 events):
Event: 0.701 GC heap before
{Heap before GC invocations=0 (full 0):
 garbage-first heap   total 260096K, used 19456K [0x00000000a0000000, 0x0000000100000000)
  region size 1024K, 14 young (14336K), 0 survivors (0K)
 Metaspace       used 7487K, capacity 7679K, committed 7936K, reserved 1056768K
  class space    used 689K, capacity 748K, committed 768K, reserved 1048576K
}
Event: 0.705 GC heap after
{Heap after GC invocations=1 (full 0):
 garbage-first heap   total 260096K, used 7901K [0x00000000a0000000, 0x0000000100000000)
  region size 1024K, 2 young (2048K), 2 survivors (2048K)
 Metaspace       used 7487K, capacity 7679K, committed 7936K, reserved 1056768K
  class space    used 689K, capacity 748K, committed 768K, reserved 1048576K
}
Event: 1.082 GC heap before
{Heap before GC invocations=1 (full 0):
 garbage-first heap   total 260096K, used 19165K [0x00000000a0000000, 0x0000000100000000)
  region size 1024K, 13 young (13312K), 2 survivors (2048K)
 Metaspace       used 10477K, capacity 10644K, committed 11008K, reserved 1058816K
  class space    used 1102K, capacity 1164K, committed 1280K, reserved 1048576K
}
Event: 1.085 GC heap after
{Heap after GC invocations=2 (full 0):
 garbage-first heap   total 260096K, used 8557K [0x00000000a0000000, 0x0000000100000000)
  region size 1024K, 1 young (1024K), 1 survivors (1024K)
 Metaspace       used 10477K, capacity 10644K, committed 11008K, reserved 1058816K
  class space    used 1102K, capacity 1164K, committed 1280K, reserved 1048576K
}
Event: 1.631 GC heap before
{Heap before GC invocations=2 (full 0):
 garbage-first heap   total 260096K, used 36205K [0x00000000a0000000, 0x0000000100000000)
  region size 1024K, 29 young (29696K), 1 survivors (1024K)
 Metaspace       used 10644K, capacity 10901K, committed 11264K, reserved 1058816K
  class space    used 1103K, capacity 1164K, committed 1280K, reserved 1048576K
}
Event: 1.635 GC heap after
{Heap after GC invocations=3 (full 0):
 garbage-first heap   total 260096K, used 13017K [0x00000000a0000000, 0x0000000100000000)
  region size 1024K, 4 young (4096K), 4 survivors (4096K)
 Metaspace       used 10644K, capacity 10901K, committed 11264K, reserved 1058816K
  class space    used 1103K, capacity 1164K, committed 1280K, reserved 1048576K
}
Event: 3.544 GC heap before
{Heap before GC invocations=3 (full 0):
 garbage-first heap   total 260096K, used 53977K [0x00000000a0000000, 0x0000000100000000)
  region size 1024K, 44 young (45056K), 4 survivors (4096K)
 Metaspace       used 18522K, capacity 18913K, committed 19072K, reserved 1067008K
  class space    used 2240K, capacity 2372K, committed 2432K, reserved 1048576K
}
Event: 3.550 GC heap after
{Heap after GC invocations=4 (full 0):
 garbage-first heap   total 260096K, used 15896K [0x00000000a0000000, 0x0000000100000000)
  region size 1024K, 3 young (3072K), 3 survivors (3072K)
 Metaspace       used 18522K, capacity 18913K, committed 19072K, reserved 1067008K
  class space    used 2240K, capacity 2372K, committed 2432K, reserved 1048576K
}
Event: 3.742 GC heap before
{Heap before GC invocations=4 (full 0):
 garbage-first heap   total 260096K, used 28184K [0x00000000a0000000, 0x0000000100000000)
  region size 1024K, 17 young (17408K), 3 survivors (3072K)
 Metaspace       used 20641K, capacity 21069K, committed 21248K, reserved 1067008K
  class space    used 2541K, capacity 2691K, committed 2816K, reserved 1048576K
}
Event: 3.746 GC heap after
{Heap after GC invocations=5 (full 0):
 garbage-first heap   total 260096K, used 16318K [0x00000000a0000000, 0x0000000100000000)
  region size 1024K, 4 young (4096K), 4 survivors (4096K)
 Metaspace       used 20641K, capacity 21069K, committed 21248K, reserved 1067008K
  class space    used 2541K, capacity 2691K, committed 2816K, reserved 1048576K
}
Event: 4.828 GC heap before
{Heap before GC invocations=6 (full 0):
 garbage-first heap   total 260096K, used 71614K [0x00000000a0000000, 0x0000000100000000)
  region size 1024K, 59 young (60416K), 4 survivors (4096K)
 Metaspace       used 26500K, capacity 27058K, committed 27264K, reserved 1073152K
  class space    used 3472K, capacity 3671K, committed 3712K, reserved 1048576K
}
Event: 4.835 GC heap after
{Heap after GC invocations=7 (full 0):
 garbage-first heap   total 260096K, used 18401K [0x00000000a0000000, 0x0000000100000000)
  region size 1024K, 6 young (6144K), 6 survivors (6144K)
 Metaspace       used 26500K, capacity 27058K, committed 27264K, reserved 1073152K
  class space    used 3472K, capacity 3671K, committed 3712K, reserved 1048576K
}
Event: 5.923 GC heap before
{Heap before GC invocations=7 (full 0):
 garbage-first heap   total 260096K, used 67553K [0x00000000a0000000, 0x0000000100000000)
  region size 1024K, 53 young (54272K), 6 survivors (6144K)
 Metaspace       used 35073K, capacity 35739K, committed 35840K, reserved 1081344K
  class space    used 4514K, capacity 4775K, committed 4864K, reserved 1048576K
}
Event: 5.937 GC heap after
{Heap after GC invocations=8 (full 0):
 garbage-first heap   total 260096K, used 24174K [0x00000000a0000000, 0x0000000100000000)
  region size 1024K, 9 young (9216K), 9 survivors (9216K)
 Metaspace       used 35073K, capacity 35739K, committed 35840K, reserved 1081344K
  class space    used 4514K, capacity 4775K, committed 4864K, reserved 1048576K
}
Event: 8.502 GC heap before
{Heap before GC invocations=9 (full 0):
 garbage-first heap   total 260096K, used 170606K [0x00000000a0000000, 0x0000000100000000)
  region size 1024K, 152 young (155648K), 9 survivors (9216K)
 Metaspace       used 44165K, capacity 45145K, committed 45184K, reserved 1089536K
  class space    used 5642K, capacity 6008K, committed 6016K, reserved 1048576K
}
Event: 8.527 GC heap after
{Heap after GC invocations=10 (full 0):
 garbage-first heap   total 260096K, used 28348K [0x00000000a0000000, 0x0000000100000000)
  region size 1024K, 15 young (15360K), 15 survivors (15360K)
 Metaspace       used 44165K, capacity 45145K, committed 45184K, reserved 1089536K
  class space    used 5642K, capacity 6008K, committed 6016K, reserved 1048576K
}
Event: 11.307 GC heap before
{Heap before GC invocations=11 (full 0):
 garbage-first heap   total 260096K, used 174780K [0x00000000a0000000, 0x0000000100000000)
  region size 1024K, 152 young (155648K), 15 survivors (15360K)
 Metaspace       used 57158K, capacity 58451K, committed 58752K, reserved 1099776K
  class space    used 7230K, capacity 7696K, committed 7808K, reserved 1048576K
}
Event: 11.339 GC heap after
{Heap after GC invocations=12 (full 0):
 garbage-first heap   total 260096K, used 45807K [0x00000000a0000000, 0x0000000100000000)
  region size 1024K, 18 young (18432K), 18 survivors (18432K)
 Metaspace       used 57158K, capacity 58451K, committed 58752K, reserved 1099776K
  class space    used 7230K, capacity 7696K, committed 7808K, reserved 1048576K
}
Event: 14.476 GC heap before
{Heap before GC invocations=12 (full 0):
 garbage-first heap   total 260096K, used 183023K [0x00000000a0000000, 0x0000000100000000)
  region size 1024K, 152 young (155648K), 18 survivors (18432K)
 Metaspace       used 63752K, capacity 65156K, committed 65280K, reserved 1105920K
  class space    used 7855K, capacity 8328K, committed 8448K, reserved 1048576K
}
Event: 14.498 GC heap after
{Heap after GC invocations=13 (full 0):
 garbage-first heap   total 260096K, used 49438K [0x00000000a0000000, 0x0000000100000000)
  region size 1024K, 4 young (4096K), 4 survivors (4096K)
 Metaspace       used 63752K, capacity 65156K, committed 65280K, reserved 1105920K
  class space    used 7855K, capacity 8328K, committed 8448K, reserved 1048576K
}

