# JRE version: Java(TM) SE Runtime Environment (8.0_181-b13) (build 1.8.0_181-b13)
# Java VM: Java HotSpot(TM) 64-Bit Server VM (25.181-b13 mixed mode windows-amd64 compressed oops)
Heap:
 PSYoungGen      total 265216K, used 228378K [0x00000000e0000000, 0x00000000f2880000, 0x0000000100000000)
  eden space 246272K, 85% used [0x00000000e0000000,0x00000000eccc29d8,0x00000000ef080000)
  from space 18944K, 98% used [0x00000000f1600000,0x00000000f2843f80,0x00000000f2880000)
  to   space 23040K, 0% used [0x00000000efb80000,0x00000000efb80000,0x00000000f1200000)
 ParOldGen       total 233472K, used 31720K [0x00000000a0000000, 0x00000000ae400000, 0x00000000e0000000)
  object space 233472K, 13% used [0x00000000a0000000,0x00000000a1efa180,0x00000000ae400000)
 Metaspace       used 68760K, capacity 72678K, committed 72832K, reserved 1112064K
  class space    used 9733K, capacity 10558K, committed 10624K, reserved 1048576K
GC Heap History (10 events):
Event: 9.045 GC heap before
{Heap before GC invocations=9 (full 2):
 PSYoungGen      total 212992K, used 197120K [0x00000000e0000000, 0x00000000eeb80000, 0x0000000100000000)
  eden space 197120K, 100% used [0x00000000e0000000,0x00000000ec080000,0x00000000ec080000)
  from space 15872K, 0% used [0x00000000ecf80000,0x00000000ecf80000,0x00000000edf00000)
  to   space 15360K, 0% used [0x00000000ec080000,0x00000000ec080000,0x00000000ecf80000)
 ParOldGen       total 168448K, used 15761K [0x00000000a0000000, 0x00000000aa480000, 0x00000000e0000000)
  object space 168448K, 9% used [0x00000000a0000000,0x00000000a0f644c8,0x00000000aa480000)
 Metaspace       used 44200K, capacity 45992K, committed 46208K, reserved 1089536K
  class space    used 6118K, capacity 6499K, committed 6528K, reserved 1048576K
Event: 9.072 GC heap after
Heap after GC invocations=9 (full 2):
 PSYoungGen      total 212480K, used 12859K [0x00000000e0000000, 0x00000000f2e00000, 0x0000000100000000)
  eden space 197120K, 0% used [0x00000000e0000000,0x00000000e0000000,0x00000000ec080000)
  from space 15360K, 83% used [0x00000000ec080000,0x00000000ecd0ee60,0x00000000ecf80000)
  to   space 15872K, 0% used [0x00000000f1e80000,0x00000000f1e80000,0x00000000f2e00000)
 ParOldGen       total 168448K, used 15769K [0x00000000a0000000, 0x00000000aa480000, 0x00000000e0000000)
  object space 168448K, 9% used [0x00000000a0000000,0x00000000a0f664c8,0x00000000aa480000)
 Metaspace       used 44200K, capacity 45992K, committed 46208K, reserved 1089536K
  class space    used 6118K, capacity 6499K, committed 6528K, reserved 1048576K
}
Event: 11.537 GC heap before
{Heap before GC invocations=10 (full 2):
 PSYoungGen      total 212480K, used 209979K [0x00000000e0000000, 0x00000000f2e00000, 0x0000000100000000)
  eden space 197120K, 100% used [0x00000000e0000000,0x00000000ec080000,0x00000000ec080000)
  from space 15360K, 83% used [0x00000000ec080000,0x00000000ecd0ee60,0x00000000ecf80000)
  to   space 15872K, 0% used [0x00000000f1e80000,0x00000000f1e80000,0x00000000f2e00000)
 ParOldGen       total 168448K, used 15769K [0x00000000a0000000, 0x00000000aa480000, 0x00000000e0000000)
  object space 168448K, 9% used [0x00000000a0000000,0x00000000a0f664c8,0x00000000aa480000)
 Metaspace       used 52652K, capacity 54960K, committed 55168K, reserved 1097728K
  class space    used 7201K, capacity 7700K, committed 7808K, reserved 1048576K
Event: 11.572 GC heap after
Heap after GC invocations=10 (full 2):
 PSYoungGen      total 212992K, used 15864K [0x00000000e0000000, 0x00000000f2e00000, 0x0000000100000000)
  eden space 197120K, 0% used [0x00000000e0000000,0x00000000e0000000,0x00000000ec080000)
  from space 15872K, 99% used [0x00000000f1e80000,0x00000000f2dfe198,0x00000000f2e00000)
  to   space 15360K, 0% used [0x00000000ec080000,0x00000000ec080000,0x00000000ecf80000)
 ParOldGen       total 168448K, used 21570K [0x00000000a0000000, 0x00000000aa480000, 0x00000000e0000000)
  object space 168448K, 12% used [0x00000000a0000000,0x00000000a15109d8,0x00000000aa480000)
 Metaspace       used 52652K, capacity 54960K, committed 55168K, reserved 1097728K
  class space    used 7201K, capacity 7700K, committed 7808K, reserved 1048576K
}
Event: 11.825 GC heap before
{Heap before GC invocations=11 (full 2):
 PSYoungGen      total 212992K, used 25481K [0x00000000e0000000, 0x00000000f2e00000, 0x0000000100000000)
  eden space 197120K, 4% used [0x00000000e0000000,0x00000000e0964388,0x00000000ec080000)
  from space 15872K, 99% used [0x00000000f1e80000,0x00000000f2dfe198,0x00000000f2e00000)
  to   space 15360K, 0% used [0x00000000ec080000,0x00000000ec080000,0x00000000ecf80000)
 ParOldGen       total 168448K, used 21570K [0x00000000a0000000, 0x00000000aa480000, 0x00000000e0000000)
  object space 168448K, 12% used [0x00000000a0000000,0x00000000a15109d8,0x00000000aa480000)
 Metaspace       used 53307K, capacity 55542K, committed 55680K, reserved 1101824K
  class space    used 7288K, capacity 7741K, committed 7808K, reserved 1048576K
Event: 11.851 GC heap after
Heap after GC invocations=11 (full 2):
 PSYoungGen      total 212480K, used 15352K [0x00000000e0000000, 0x00000000f2b00000, 0x0000000100000000)
  eden space 197120K, 0% used [0x00000000e0000000,0x00000000e0000000,0x00000000ec080000)
  from space 15360K, 99% used [0x00000000ec080000,0x00000000ecf7e178,0x00000000ecf80000)
  to   space 21504K, 0% used [0x00000000f1600000,0x00000000f1600000,0x00000000f2b00000)
 ParOldGen       total 168448K, used 23089K [0x00000000a0000000, 0x00000000aa480000, 0x00000000e0000000)
  object space 168448K, 13% used [0x00000000a0000000,0x00000000a168c4b0,0x00000000aa480000)
 Metaspace       used 53307K, capacity 55542K, committed 55680K, reserved 1101824K
  class space    used 7288K, capacity 7741K, committed 7808K, reserved 1048576K
}
Event: 11.851 GC heap before
{Heap before GC invocations=12 (full 3):
 PSYoungGen      total 212480K, used 15352K [0x00000000e0000000, 0x00000000f2b00000, 0x0000000100000000)
  eden space 197120K, 0% used [0x00000000e0000000,0x00000000e0000000,0x00000000ec080000)
  from space 15360K, 99% used [0x00000000ec080000,0x00000000ecf7e178,0x00000000ecf80000)
  to   space 21504K, 0% used [0x00000000f1600000,0x00000000f1600000,0x00000000f2b00000)
 ParOldGen       total 168448K, used 23089K [0x00000000a0000000, 0x00000000aa480000, 0x00000000e0000000)
  object space 168448K, 13% used [0x00000000a0000000,0x00000000a168c4b0,0x00000000aa480000)
 Metaspace       used 53307K, capacity 55542K, committed 55680K, reserved 1101824K
  class space    used 7288K, capacity 7741K, committed 7808K, reserved 1048576K
Event: 12.194 GC heap after
Heap after GC invocations=12 (full 3):
 PSYoungGen      total 212480K, used 0K [0x00000000e0000000, 0x00000000f2b00000, 0x0000000100000000)
  eden space 197120K, 0% used [0x00000000e0000000,0x00000000e0000000,0x00000000ec080000)
  from space 15360K, 0% used [0x00000000ec080000,0x00000000ec080000,0x00000000ecf80000)
  to   space 21504K, 0% used [0x00000000f1600000,0x00000000f1600000,0x00000000f2b00000)
 ParOldGen       total 233472K, used 31712K [0x00000000a0000000, 0x00000000ae400000, 0x00000000e0000000)
  object space 233472K, 13% used [0x00000000a0000000,0x00000000a1ef8180,0x00000000ae400000)
 Metaspace       used 53295K, capacity 55500K, committed 55680K, reserved 1099776K
  class space    used 7284K, capacity 7734K, committed 7808K, reserved 1048576K
}
Event: 15.860 GC heap before
{Heap before GC invocations=13 (full 3):
 PSYoungGen      total 212480K, used 197120K [0x00000000e0000000, 0x00000000f2b00000, 0x0000000100000000)
  eden space 197120K, 100% used [0x00000000e0000000,0x00000000ec080000,0x00000000ec080000)
  from space 15360K, 0% used [0x00000000ec080000,0x00000000ec080000,0x00000000ecf80000)
  to   space 21504K, 0% used [0x00000000f1600000,0x00000000f1600000,0x00000000f2b00000)
 ParOldGen       total 233472K, used 31712K [0x00000000a0000000, 0x00000000ae400000, 0x00000000e0000000)
  object space 233472K, 13% used [0x00000000a0000000,0x00000000a1ef8180,0x00000000ae400000)
 Metaspace       used 61263K, capacity 64358K, committed 64640K, reserved 1105920K
  class space    used 8597K, capacity 9268K, committed 9344K, reserved 1048576K
Event: 15.883 GC heap after
Heap after GC invocations=13 (full 3):
 PSYoungGen      total 265216K, used 18703K [0x00000000e0000000, 0x00000000f2880000, 0x0000000100000000)
  eden space 246272K, 0% used [0x00000000e0000000,0x00000000e0000000,0x00000000ef080000)
  from space 18944K, 98% used [0x00000000f1600000,0x00000000f2843f80,0x00000000f2880000)
  to   space 23040K, 0% used [0x00000000efb80000,0x00000000efb80000,0x00000000f1200000)
 ParOldGen       total 233472K, used 31720K [0x00000000a0000000, 0x00000000ae400000, 0x00000000e0000000)
  object space 233472K, 13% used [0x00000000a0000000,0x00000000a1efa180,0x00000000ae400000)
 Metaspace       used 61263K, capacity 64358K, committed 64640K, reserved 1105920K
  class space    used 8597K, capacity 9268K, committed 9344K, reserved 1048576K
}

