# JRE version: Java(TM) SE Runtime Environment (8.0_181-b13) (build 1.8.0_181-b13)
# Java VM: Java HotSpot(TM) 64-Bit Server VM (25.181-b13 mixed mode windows-amd64 compressed oops)
Heap:
 PSYoungGen      total 356352K, used 179937K [0x00000000e0000000, 0x00000000fbd00000, 0x0000000100000000)
  eden space 301568K, 59% used [0x00000000e0000000,0x00000000eae0f110,0x00000000f2680000)
  from space 54784K, 3% used [0x00000000f2680000,0x00000000f2829418,0x00000000f5c00000)
  to   space 54784K, 0% used [0x00000000f8780000,0x00000000f8780000,0x00000000fbd00000)
 ParOldGen       total 502272K, used 233200K [0x00000000a0000000, 0x00000000bea80000, 0x00000000e0000000)
  object space 502272K, 46% used [0x00000000a0000000,0x00000000ae3bc308,0x00000000bea80000)
 Metaspace       used 82395K, capacity 87582K, committed 88192K, reserved 1124352K
  class space    used 11240K, capacity 12262K, committed 12416K, reserved 1048576K
GC Heap History (10 events):
Event: 71.793 GC heap before
{Heap before GC invocations=19 (full 3):
 PSYoungGen      total 258048K, used 258024K [0x00000000e0000000, 0x00000000f6f80000, 0x0000000100000000)
  eden space 224768K, 100% used [0x00000000e0000000,0x00000000edb80000,0x00000000edb80000)
  from space 33280K, 99% used [0x00000000edb80000,0x00000000efbfa358,0x00000000efc00000)
  to   space 50688K, 0% used [0x00000000f3e00000,0x00000000f3e00000,0x00000000f6f80000)
 ParOldGen       total 245248K, used 156621K [0x00000000a0000000, 0x00000000aef80000, 0x00000000e0000000)
  object space 245248K, 63% used [0x00000000a0000000,0x00000000a98f3410,0x00000000aef80000)
 Metaspace       used 77672K, capacity 82320K, committed 82560K, reserved 1120256K
  class space    used 10931K, capacity 11829K, committed 11904K, reserved 1048576K
Event: 71.813 GC heap after
Heap after GC invocations=19 (full 3):
 PSYoungGen      total 322560K, used 6765K [0x00000000e0000000, 0x00000000f6d80000, 0x0000000100000000)
  eden space 273920K, 0% used [0x00000000e0000000,0x00000000e0000000,0x00000000f0b80000)
  from space 48640K, 13% used [0x00000000f3e00000,0x00000000f449b5d0,0x00000000f6d80000)
  to   space 50176K, 0% used [0x00000000f0b80000,0x00000000f0b80000,0x00000000f3c80000)
 ParOldGen       total 245248K, used 168385K [0x00000000a0000000, 0x00000000aef80000, 0x00000000e0000000)
  object space 245248K, 68% used [0x00000000a0000000,0x00000000aa470750,0x00000000aef80000)
 Metaspace       used 77672K, capacity 82320K, committed 82560K, reserved 1120256K
  class space    used 10931K, capacity 11829K, committed 11904K, reserved 1048576K
}
Event: 2986.464 GC heap before
{Heap before GC invocations=20 (full 3):
 PSYoungGen      total 322560K, used 280685K [0x00000000e0000000, 0x00000000f6d80000, 0x0000000100000000)
  eden space 273920K, 100% used [0x00000000e0000000,0x00000000f0b80000,0x00000000f0b80000)
  from space 48640K, 13% used [0x00000000f3e00000,0x00000000f449b5d0,0x00000000f6d80000)
  to   space 50176K, 0% used [0x00000000f0b80000,0x00000000f0b80000,0x00000000f3c80000)
 ParOldGen       total 245248K, used 168385K [0x00000000a0000000, 0x00000000aef80000, 0x00000000e0000000)
  object space 245248K, 68% used [0x00000000a0000000,0x00000000aa470750,0x00000000aef80000)
 Metaspace       used 82012K, capacity 87198K, committed 87296K, reserved 1124352K
  class space    used 11248K, capacity 12227K, committed 12288K, reserved 1048576K
Event: 2986.511 GC heap after
Heap after GC invocations=20 (full 3):
 PSYoungGen      total 324096K, used 26455K [0x00000000e0000000, 0x00000000f8c80000, 0x0000000100000000)
  eden space 273920K, 0% used [0x00000000e0000000,0x00000000e0000000,0x00000000f0b80000)
  from space 50176K, 52% used [0x00000000f0b80000,0x00000000f2555c90,0x00000000f3c80000)
  to   space 49664K, 0% used [0x00000000f5c00000,0x00000000f5c00000,0x00000000f8c80000)
 ParOldGen       total 245248K, used 168393K [0x00000000a0000000, 0x00000000aef80000, 0x00000000e0000000)
  object space 245248K, 68% used [0x00000000a0000000,0x00000000aa472750,0x00000000aef80000)
 Metaspace       used 82012K, capacity 87198K, committed 87296K, reserved 1124352K
  class space    used 11248K, capacity 12227K, committed 12288K, reserved 1048576K
}
Event: 2988.609 GC heap before
{Heap before GC invocations=21 (full 3):
 PSYoungGen      total 324096K, used 277339K [0x00000000e0000000, 0x00000000f8c80000, 0x0000000100000000)
  eden space 273920K, 91% used [0x00000000e0000000,0x00000000ef5011a0,0x00000000f0b80000)
  from space 50176K, 52% used [0x00000000f0b80000,0x00000000f2555c90,0x00000000f3c80000)
  to   space 49664K, 0% used [0x00000000f5c00000,0x00000000f5c00000,0x00000000f8c80000)
 ParOldGen       total 245248K, used 168393K [0x00000000a0000000, 0x00000000aef80000, 0x00000000e0000000)
  object space 245248K, 68% used [0x00000000a0000000,0x00000000aa472750,0x00000000aef80000)
 Metaspace       used 82281K, capacity 87684K, committed 87936K, reserved 1124352K
  class space    used 11278K, capacity 12312K, committed 12416K, reserved 1048576K
Event: 2988.676 GC heap after
Heap after GC invocations=21 (full 3):
 PSYoungGen      total 351232K, used 41847K [0x00000000e0000000, 0x00000000f9e00000, 0x0000000100000000)
  eden space 301568K, 0% used [0x00000000e0000000,0x00000000e0000000,0x00000000f2680000)
  from space 49664K, 84% used [0x00000000f5c00000,0x00000000f84ddd50,0x00000000f8c80000)
  to   space 54784K, 0% used [0x00000000f2680000,0x00000000f2680000,0x00000000f5c00000)
 ParOldGen       total 293888K, used 248620K [0x00000000a0000000, 0x00000000b1f00000, 0x00000000e0000000)
  object space 293888K, 84% used [0x00000000a0000000,0x00000000af2cb148,0x00000000b1f00000)
 Metaspace       used 82281K, capacity 87684K, committed 87936K, reserved 1124352K
  class space    used 11278K, capacity 12312K, committed 12416K, reserved 1048576K
}
Event: 2988.676 GC heap before
{Heap before GC invocations=22 (full 4):
 PSYoungGen      total 351232K, used 41847K [0x00000000e0000000, 0x00000000f9e00000, 0x0000000100000000)
  eden space 301568K, 0% used [0x00000000e0000000,0x00000000e0000000,0x00000000f2680000)
  from space 49664K, 84% used [0x00000000f5c00000,0x00000000f84ddd50,0x00000000f8c80000)
  to   space 54784K, 0% used [0x00000000f2680000,0x00000000f2680000,0x00000000f5c00000)
 ParOldGen       total 293888K, used 248620K [0x00000000a0000000, 0x00000000b1f00000, 0x00000000e0000000)
  object space 293888K, 84% used [0x00000000a0000000,0x00000000af2cb148,0x00000000b1f00000)
 Metaspace       used 82281K, capacity 87684K, committed 87936K, reserved 1124352K
  class space    used 11278K, capacity 12312K, committed 12416K, reserved 1048576K
Event: 2989.057 GC heap after
Heap after GC invocations=22 (full 4):
 PSYoungGen      total 351232K, used 0K [0x00000000e0000000, 0x00000000f9e00000, 0x0000000100000000)
  eden space 301568K, 0% used [0x00000000e0000000,0x00000000e0000000,0x00000000f2680000)
  from space 49664K, 0% used [0x00000000f5c00000,0x00000000f5c00000,0x00000000f8c80000)
  to   space 54784K, 0% used [0x00000000f2680000,0x00000000f2680000,0x00000000f5c00000)
 ParOldGen       total 502272K, used 169540K [0x00000000a0000000, 0x00000000bea80000, 0x00000000e0000000)
  object space 502272K, 33% used [0x00000000a0000000,0x00000000aa591320,0x00000000bea80000)
 Metaspace       used 81748K, capacity 86556K, committed 87936K, reserved 1124352K
  class space    used 11113K, capacity 12000K, committed 12416K, reserved 1048576K
}
Event: 11403.200 GC heap before
{Heap before GC invocations=23 (full 4):
 PSYoungGen      total 351232K, used 301566K [0x00000000e0000000, 0x00000000f9e00000, 0x0000000100000000)
  eden space 301568K, 99% used [0x00000000e0000000,0x00000000f267f9c8,0x00000000f2680000)
  from space 49664K, 0% used [0x00000000f5c00000,0x00000000f5c00000,0x00000000f8c80000)
  to   space 54784K, 0% used [0x00000000f2680000,0x00000000f2680000,0x00000000f5c00000)
 ParOldGen       total 502272K, used 169540K [0x00000000a0000000, 0x00000000bea80000, 0x00000000e0000000)
  object space 502272K, 33% used [0x00000000a0000000,0x00000000aa591320,0x00000000bea80000)
 Metaspace       used 81799K, capacity 86670K, committed 87936K, reserved 1124352K
  class space    used 11126K, capacity 12016K, committed 12416K, reserved 1048576K
Event: 11403.275 GC heap after
Heap after GC invocations=23 (full 4):
 PSYoungGen      total 356352K, used 1701K [0x00000000e0000000, 0x00000000fbd00000, 0x0000000100000000)
  eden space 301568K, 0% used [0x00000000e0000000,0x00000000e0000000,0x00000000f2680000)
  from space 54784K, 3% used [0x00000000f2680000,0x00000000f2829418,0x00000000f5c00000)
  to   space 54784K, 0% used [0x00000000f8780000,0x00000000f8780000,0x00000000fbd00000)
 ParOldGen       total 502272K, used 233200K [0x00000000a0000000, 0x00000000bea80000, 0x00000000e0000000)
  object space 502272K, 46% used [0x00000000a0000000,0x00000000ae3bc308,0x00000000bea80000)
 Metaspace       used 81799K, capacity 86670K, committed 87936K, reserved 1124352K
  class space    used 11126K, capacity 12016K, committed 12416K, reserved 1048576K
}

