# JRE version: Java(TM) SE Runtime Environment (8.0_181-b13) (build 1.8.0_181-b13)
# Java VM: Java HotSpot(TM) 64-Bit Server VM (25.181-b13 mixed mode windows-amd64 compressed oops)
Heap:
 PSYoungGen      total 342016K, used 198347K [0x00000000e0000000, 0x00000000fdd80000, 0x0000000100000000)
  eden space 319488K, 62% used [0x00000000e0000000,0x00000000ec1b2fd8,0x00000000f3800000)
  from space 22528K, 0% used [0x00000000f3800000,0x00000000f3800000,0x00000000f4e00000)
  to   space 23552K, 0% used [0x00000000fc680000,0x00000000fc680000,0x00000000fdd80000)
 ParOldGen       total 197632K, used 33048K [0x00000000a0000000, 0x00000000ac100000, 0x00000000e0000000)
  object space 197632K, 16% used [0x00000000a0000000,0x00000000a20460d0,0x00000000ac100000)
 Metaspace       used 65642K, capacity 68870K, committed 68992K, reserved 1107968K
  class space    used 9355K, capacity 10057K, committed 10112K, reserved 1048576K
GC Heap History (10 events):
Event: 8.602 GC heap before
{Heap before GC invocations=8 (full 2):
 PSYoungGen      total 232448K, used 8683K [0x00000000e0000000, 0x00000000ef600000, 0x0000000100000000)
  eden space 217088K, 0% used [0x00000000e0000000,0x00000000e0000000,0x00000000ed400000)
  from space 15360K, 56% used [0x00000000ee280000,0x00000000eeafaff0,0x00000000ef180000)
  to   space 14848K, 0% used [0x00000000ed400000,0x00000000ed400000,0x00000000ee280000)
 ParOldGen       total 94208K, used 11205K [0x00000000a0000000, 0x00000000a5c00000, 0x00000000e0000000)
  object space 94208K, 11% used [0x00000000a0000000,0x00000000a0af15d0,0x00000000a5c00000)
 Metaspace       used 34427K, capacity 35430K, committed 35496K, reserved 1079296K
  class space    used 4830K, capacity 5088K, committed 5120K, reserved 1048576K
Event: 8.680 GC heap after
Heap after GC invocations=8 (full 2):
 PSYoungGen      total 232448K, used 0K [0x00000000e0000000, 0x00000000ef600000, 0x0000000100000000)
  eden space 217088K, 0% used [0x00000000e0000000,0x00000000e0000000,0x00000000ed400000)
  from space 15360K, 0% used [0x00000000ee280000,0x00000000ee280000,0x00000000ef180000)
  to   space 14848K, 0% used [0x00000000ed400000,0x00000000ed400000,0x00000000ee280000)
 ParOldGen       total 141824K, used 15482K [0x00000000a0000000, 0x00000000a8a80000, 0x00000000e0000000)
  object space 141824K, 10% used [0x00000000a0000000,0x00000000a0f1e998,0x00000000a8a80000)
 Metaspace       used 34427K, capacity 35430K, committed 35496K, reserved 1079296K
  class space    used 4830K, capacity 5088K, committed 5120K, reserved 1048576K
}
Event: 11.619 GC heap before
{Heap before GC invocations=9 (full 2):
 PSYoungGen      total 232448K, used 217088K [0x00000000e0000000, 0x00000000ef600000, 0x0000000100000000)
  eden space 217088K, 100% used [0x00000000e0000000,0x00000000ed400000,0x00000000ed400000)
  from space 15360K, 0% used [0x00000000ee280000,0x00000000ee280000,0x00000000ef180000)
  to   space 14848K, 0% used [0x00000000ed400000,0x00000000ed400000,0x00000000ee280000)
 ParOldGen       total 141824K, used 15482K [0x00000000a0000000, 0x00000000a8a80000, 0x00000000e0000000)
  object space 141824K, 10% used [0x00000000a0000000,0x00000000a0f1e998,0x00000000a8a80000)
 Metaspace       used 45344K, capacity 47164K, committed 47488K, reserved 1089536K
  class space    used 6286K, capacity 6674K, committed 6784K, reserved 1048576K
Event: 11.643 GC heap after
Heap after GC invocations=9 (full 2):
 PSYoungGen      total 231936K, used 14641K [0x00000000e0000000, 0x00000000f6000000, 0x0000000100000000)
  eden space 217088K, 0% used [0x00000000e0000000,0x00000000e0000000,0x00000000ed400000)
  from space 14848K, 98% used [0x00000000ed400000,0x00000000ee24c490,0x00000000ee280000)
  to   space 16384K, 0% used [0x00000000f5000000,0x00000000f5000000,0x00000000f6000000)
 ParOldGen       total 141824K, used 15490K [0x00000000a0000000, 0x00000000a8a80000, 0x00000000e0000000)
  object space 141824K, 10% used [0x00000000a0000000,0x00000000a0f20998,0x00000000a8a80000)
 Metaspace       used 45344K, capacity 47164K, committed 47488K, reserved 1089536K
  class space    used 6286K, capacity 6674K, committed 6784K, reserved 1048576K
}
Event: 14.998 GC heap before
{Heap before GC invocations=10 (full 2):
 PSYoungGen      total 231936K, used 231729K [0x00000000e0000000, 0x00000000f6000000, 0x0000000100000000)
  eden space 217088K, 100% used [0x00000000e0000000,0x00000000ed400000,0x00000000ed400000)
  from space 14848K, 98% used [0x00000000ed400000,0x00000000ee24c490,0x00000000ee280000)
  to   space 16384K, 0% used [0x00000000f5000000,0x00000000f5000000,0x00000000f6000000)
 ParOldGen       total 141824K, used 15490K [0x00000000a0000000, 0x00000000a8a80000, 0x00000000e0000000)
  object space 141824K, 10% used [0x00000000a0000000,0x00000000a0f20998,0x00000000a8a80000)
 Metaspace       used 55428K, capacity 57794K, committed 58112K, reserved 1099776K
  class space    used 7690K, capacity 8160K, committed 8192K, reserved 1048576K
Event: 15.027 GC heap after
Heap after GC invocations=10 (full 2):
 PSYoungGen      total 335872K, used 16376K [0x00000000e0000000, 0x00000000f6400000, 0x0000000100000000)
  eden space 319488K, 0% used [0x00000000e0000000,0x00000000e0000000,0x00000000f3800000)
  from space 16384K, 99% used [0x00000000f5000000,0x00000000f5ffe198,0x00000000f6000000)
  to   space 22528K, 0% used [0x00000000f3800000,0x00000000f3800000,0x00000000f4e00000)
 ParOldGen       total 141824K, used 24493K [0x00000000a0000000, 0x00000000a8a80000, 0x00000000e0000000)
  object space 141824K, 17% used [0x00000000a0000000,0x00000000a17eb638,0x00000000a8a80000)
 Metaspace       used 55428K, capacity 57794K, committed 58112K, reserved 1099776K
  class space    used 7690K, capacity 8160K, committed 8192K, reserved 1048576K
}
Event: 15.327 GC heap before
{Heap before GC invocations=11 (full 2):
 PSYoungGen      total 335872K, used 31828K [0x00000000e0000000, 0x00000000f6400000, 0x0000000100000000)
  eden space 319488K, 4% used [0x00000000e0000000,0x00000000e0f17180,0x00000000f3800000)
  from space 16384K, 99% used [0x00000000f5000000,0x00000000f5ffe198,0x00000000f6000000)
  to   space 22528K, 0% used [0x00000000f3800000,0x00000000f3800000,0x00000000f4e00000)
 ParOldGen       total 141824K, used 24493K [0x00000000a0000000, 0x00000000a8a80000, 0x00000000e0000000)
  object space 141824K, 17% used [0x00000000a0000000,0x00000000a17eb638,0x00000000a8a80000)
 Metaspace       used 56634K, capacity 59054K, committed 59136K, reserved 1099776K
  class space    used 7898K, capacity 8416K, committed 8448K, reserved 1048576K
Event: 15.354 GC heap after
Heap after GC invocations=11 (full 2):
 PSYoungGen      total 342016K, used 18050K [0x00000000e0000000, 0x00000000fdd80000, 0x0000000100000000)
  eden space 319488K, 0% used [0x00000000e0000000,0x00000000e0000000,0x00000000f3800000)
  from space 22528K, 80% used [0x00000000f3800000,0x00000000f49a08f8,0x00000000f4e00000)
  to   space 23552K, 0% used [0x00000000fc680000,0x00000000fc680000,0x00000000fdd80000)
 ParOldGen       total 141824K, used 24501K [0x00000000a0000000, 0x00000000a8a80000, 0x00000000e0000000)
  object space 141824K, 17% used [0x00000000a0000000,0x00000000a17ed638,0x00000000a8a80000)
 Metaspace       used 56634K, capacity 59054K, committed 59136K, reserved 1099776K
  class space    used 7898K, capacity 8416K, committed 8448K, reserved 1048576K
}
Event: 15.354 GC heap before
{Heap before GC invocations=12 (full 3):
 PSYoungGen      total 342016K, used 18050K [0x00000000e0000000, 0x00000000fdd80000, 0x0000000100000000)
  eden space 319488K, 0% used [0x00000000e0000000,0x00000000e0000000,0x00000000f3800000)
  from space 22528K, 80% used [0x00000000f3800000,0x00000000f49a08f8,0x00000000f4e00000)
  to   space 23552K, 0% used [0x00000000fc680000,0x00000000fc680000,0x00000000fdd80000)
 ParOldGen       total 141824K, used 24501K [0x00000000a0000000, 0x00000000a8a80000, 0x00000000e0000000)
  object space 141824K, 17% used [0x00000000a0000000,0x00000000a17ed638,0x00000000a8a80000)
 Metaspace       used 56634K, capacity 59054K, committed 59136K, reserved 1099776K
  class space    used 7898K, capacity 8416K, committed 8448K, reserved 1048576K
Event: 15.686 GC heap after
Heap after GC invocations=12 (full 3):
 PSYoungGen      total 342016K, used 0K [0x00000000e0000000, 0x00000000fdd80000, 0x0000000100000000)
  eden space 319488K, 0% used [0x00000000e0000000,0x00000000e0000000,0x00000000f3800000)
  from space 22528K, 0% used [0x00000000f3800000,0x00000000f3800000,0x00000000f4e00000)
  to   space 23552K, 0% used [0x00000000fc680000,0x00000000fc680000,0x00000000fdd80000)
 ParOldGen       total 197632K, used 33048K [0x00000000a0000000, 0x00000000ac100000, 0x00000000e0000000)
  object space 197632K, 16% used [0x00000000a0000000,0x00000000a20460d0,0x00000000ac100000)
 Metaspace       used 56625K, capacity 59024K, committed 59136K, reserved 1099776K
  class space    used 7895K, capacity 8411K, committed 8448K, reserved 1048576K
}

