# JRE version: OpenJDK Runtime Environment (8.0_242-b01) (build 1.8.0_242-release-1644-b01)
# Java VM: OpenJDK 64-Bit Server VM (25.242-b01 mixed mode windows-amd64 compressed oops)
Heap:
 PSYoungGen      total 390656K, used 83095K [0x00000000e0000000, 0x00000000fc780000, 0x0000000100000000)
  eden space 330240K, 25% used [0x00000000e0000000,0x00000000e5125e78,0x00000000f4280000)
  from space 60416K, 0% used [0x00000000f4280000,0x00000000f4280000,0x00000000f7d80000)
  to   space 68096K, 0% used [0x00000000f8500000,0x00000000f8500000,0x00000000fc780000)
 ParOldGen       total 542208K, used 119933K [0x00000000a0000000, 0x00000000c1180000, 0x00000000e0000000)
  object space 542208K, 22% used [0x00000000a0000000,0x00000000a751f7d0,0x00000000c1180000)
 Metaspace       used 105833K, capacity 113152K, committed 113240K, reserved 1146880K
  class space    used 14068K, capacity 15401K, committed 15488K, reserved 1048576K
GC Heap History (10 events):
Event: 11423.594 GC heap before
{Heap before GC invocations=30 (full 6):
 PSYoungGen      total 367104K, used 321536K [0x00000000e0000000, 0x00000000fa700000, 0x0000000100000000)
  eden space 321536K, 100% used [0x00000000e0000000,0x00000000f3a00000,0x00000000f3a00000)
  from space 45568K, 0% used [0x00000000f4300000,0x00000000f4300000,0x00000000f6f80000)
  to   space 55808K, 0% used [0x00000000f7080000,0x00000000f7080000,0x00000000fa700000)
 ParOldGen       total 542208K, used 141716K [0x00000000a0000000, 0x00000000c1180000, 0x00000000e0000000)
  object space 542208K, 26% used [0x00000000a0000000,0x00000000a8a653b0,0x00000000c1180000)
 Metaspace       used 104077K, capacity 110514K, committed 110680K, reserved 1144832K
  class space    used 13925K, capacity 15138K, committed 15232K, reserved 1048576K
Event: 11423.711 GC heap after
Heap after GC invocations=30 (full 6):
 PSYoungGen      total 376832K, used 7091K [0x00000000e0000000, 0x00000000fbb00000, 0x0000000100000000)
  eden space 321024K, 0% used [0x00000000e0000000,0x00000000e0000000,0x00000000f3980000)
  from space 55808K, 12% used [0x00000000f7080000,0x00000000f776ceb8,0x00000000fa700000)
  to   space 56320K, 0% used [0x00000000f3980000,0x00000000f3980000,0x00000000f7080000)
 ParOldGen       total 542208K, used 199794K [0x00000000a0000000, 0x00000000c1180000, 0x00000000e0000000)
  object space 542208K, 36% used [0x00000000a0000000,0x00000000ac31c868,0x00000000c1180000)
 Metaspace       used 104077K, capacity 110514K, committed 110680K, reserved 1144832K
  class space    used 13925K, capacity 15138K, committed 15232K, reserved 1048576K
}
Event: 12304.671 GC heap before
{Heap before GC invocations=31 (full 6):
 PSYoungGen      total 376832K, used 328115K [0x00000000e0000000, 0x00000000fbb00000, 0x0000000100000000)
  eden space 321024K, 100% used [0x00000000e0000000,0x00000000f3980000,0x00000000f3980000)
  from space 55808K, 12% used [0x00000000f7080000,0x00000000f776ceb8,0x00000000fa700000)
  to   space 56320K, 0% used [0x00000000f3980000,0x00000000f3980000,0x00000000f7080000)
 ParOldGen       total 542208K, used 199794K [0x00000000a0000000, 0x00000000c1180000, 0x00000000e0000000)
  object space 542208K, 36% used [0x00000000a0000000,0x00000000ac31c868,0x00000000c1180000)
 Metaspace       used 104344K, capacity 111216K, committed 111576K, reserved 1144832K
  class space    used 13988K, capacity 15255K, committed 15360K, reserved 1048576K
Event: 12304.724 GC heap after
Heap after GC invocations=31 (full 6):
 PSYoungGen      total 377344K, used 44877K [0x00000000e0000000, 0x00000000fbe80000, 0x0000000100000000)
  eden space 321024K, 0% used [0x00000000e0000000,0x00000000e0000000,0x00000000f3980000)
  from space 56320K, 79% used [0x00000000f3980000,0x00000000f65535e0,0x00000000f7080000)
  to   space 60416K, 0% used [0x00000000f8380000,0x00000000f8380000,0x00000000fbe80000)
 ParOldGen       total 542208K, used 214320K [0x00000000a0000000, 0x00000000c1180000, 0x00000000e0000000)
  object space 542208K, 39% used [0x00000000a0000000,0x00000000ad14c250,0x00000000c1180000)
 Metaspace       used 104344K, capacity 111216K, committed 111576K, reserved 1144832K
  class space    used 13988K, capacity 15255K, committed 15360K, reserved 1048576K
}
Event: 13621.793 GC heap before
{Heap before GC invocations=32 (full 6):
 PSYoungGen      total 377344K, used 365901K [0x00000000e0000000, 0x00000000fbe80000, 0x0000000100000000)
  eden space 321024K, 100% used [0x00000000e0000000,0x00000000f3980000,0x00000000f3980000)
  from space 56320K, 79% used [0x00000000f3980000,0x00000000f65535e0,0x00000000f7080000)
  to   space 60416K, 0% used [0x00000000f8380000,0x00000000f8380000,0x00000000fbe80000)
 ParOldGen       total 542208K, used 214320K [0x00000000a0000000, 0x00000000c1180000, 0x00000000e0000000)
  object space 542208K, 39% used [0x00000000a0000000,0x00000000ad14c250,0x00000000c1180000)
 Metaspace       used 105023K, capacity 112118K, committed 112344K, reserved 1146880K
  class space    used 14022K, capacity 15316K, committed 15360K, reserved 1048576K
Event: 13621.823 GC heap after
Heap after GC invocations=32 (full 6):
 PSYoungGen      total 384512K, used 8998K [0x00000000e0000000, 0x00000000fb880000, 0x0000000100000000)
  eden space 330240K, 0% used [0x00000000e0000000,0x00000000e0000000,0x00000000f4280000)
  from space 54272K, 16% used [0x00000000f8380000,0x00000000f8c49998,0x00000000fb880000)
  to   space 60416K, 0% used [0x00000000f4280000,0x00000000f4280000,0x00000000f7d80000)
 ParOldGen       total 542208K, used 214328K [0x00000000a0000000, 0x00000000c1180000, 0x00000000e0000000)
  object space 542208K, 39% used [0x00000000a0000000,0x00000000ad14e250,0x00000000c1180000)
 Metaspace       used 105023K, capacity 112118K, committed 112344K, reserved 1146880K
  class space    used 14022K, capacity 15316K, committed 15360K, reserved 1048576K
}
Event: 13630.832 GC heap before
{Heap before GC invocations=33 (full 6):
 PSYoungGen      total 384512K, used 144863K [0x00000000e0000000, 0x00000000fb880000, 0x0000000100000000)
  eden space 330240K, 41% used [0x00000000e0000000,0x00000000e84ae330,0x00000000f4280000)
  from space 54272K, 16% used [0x00000000f8380000,0x00000000f8c49998,0x00000000fb880000)
  to   space 60416K, 0% used [0x00000000f4280000,0x00000000f4280000,0x00000000f7d80000)
 ParOldGen       total 542208K, used 214328K [0x00000000a0000000, 0x00000000c1180000, 0x00000000e0000000)
  object space 542208K, 39% used [0x00000000a0000000,0x00000000ad14e250,0x00000000c1180000)
 Metaspace       used 105415K, capacity 112710K, committed 112984K, reserved 1146880K
  class space    used 14052K, capacity 15372K, committed 15488K, reserved 1048576K
Event: 13630.879 GC heap after
Heap after GC invocations=33 (full 6):
 PSYoungGen      total 390656K, used 56084K [0x00000000e0000000, 0x00000000fc780000, 0x0000000100000000)
  eden space 330240K, 0% used [0x00000000e0000000,0x00000000e0000000,0x00000000f4280000)
  from space 60416K, 92% used [0x00000000f4280000,0x00000000f79450f0,0x00000000f7d80000)
  to   space 68096K, 0% used [0x00000000f8500000,0x00000000f8500000,0x00000000fc780000)
 ParOldGen       total 542208K, used 218924K [0x00000000a0000000, 0x00000000c1180000, 0x00000000e0000000)
  object space 542208K, 40% used [0x00000000a0000000,0x00000000ad5cb208,0x00000000c1180000)
 Metaspace       used 105415K, capacity 112710K, committed 112984K, reserved 1146880K
  class space    used 14052K, capacity 15372K, committed 15488K, reserved 1048576K
}
Event: 13630.879 GC heap before
{Heap before GC invocations=34 (full 7):
 PSYoungGen      total 390656K, used 56084K [0x00000000e0000000, 0x00000000fc780000, 0x0000000100000000)
  eden space 330240K, 0% used [0x00000000e0000000,0x00000000e0000000,0x00000000f4280000)
  from space 60416K, 92% used [0x00000000f4280000,0x00000000f79450f0,0x00000000f7d80000)
  to   space 68096K, 0% used [0x00000000f8500000,0x00000000f8500000,0x00000000fc780000)
 ParOldGen       total 542208K, used 218924K [0x00000000a0000000, 0x00000000c1180000, 0x00000000e0000000)
  object space 542208K, 40% used [0x00000000a0000000,0x00000000ad5cb208,0x00000000c1180000)
 Metaspace       used 105415K, capacity 112710K, committed 112984K, reserved 1146880K
  class space    used 14052K, capacity 15372K, committed 15488K, reserved 1048576K
Event: 13631.827 GC heap after
Heap after GC invocations=34 (full 7):
 PSYoungGen      total 390656K, used 0K [0x00000000e0000000, 0x00000000fc780000, 0x0000000100000000)
  eden space 330240K, 0% used [0x00000000e0000000,0x00000000e0000000,0x00000000f4280000)
  from space 60416K, 0% used [0x00000000f4280000,0x00000000f4280000,0x00000000f7d80000)
  to   space 68096K, 0% used [0x00000000f8500000,0x00000000f8500000,0x00000000fc780000)
 ParOldGen       total 542208K, used 119933K [0x00000000a0000000, 0x00000000c1180000, 0x00000000e0000000)
  object space 542208K, 22% used [0x00000000a0000000,0x00000000a751f7d0,0x00000000c1180000)
 Metaspace       used 105392K, capacity 112674K, committed 112984K, reserved 1146880K
  class space    used 14049K, capacity 15366K, committed 15488K, reserved 1048576K
}

