# JRE version: Java(TM) SE Runtime Environment (8.0_181-b13) (build 1.8.0_181-b13)
# Java VM: Java HotSpot(TM) 64-Bit Server VM (25.181-b13 mixed mode windows-amd64 compressed oops)
Heap:
 PSYoungGen      total 259584K, used 190720K [0x00000000e0000000, 0x00000000f1a00000, 0x0000000100000000)
  eden space 240640K, 71% used [0x00000000e0000000,0x00000000ea7cd2d8,0x00000000eeb00000)
  from space 18944K, 99% used [0x00000000f0780000,0x00000000f19f2eb0,0x00000000f1a00000)
  to   space 24064K, 0% used [0x00000000eeb00000,0x00000000eeb00000,0x00000000f0280000)
 ParOldGen       total 211968K, used 53449K [0x00000000a0000000, 0x00000000acf00000, 0x00000000e0000000)
  object space 211968K, 25% used [0x00000000a0000000,0x00000000a34326d8,0x00000000acf00000)
 Metaspace       used 73811K, capacity 78534K, committed 78720K, reserved 1116160K
  class space    used 10217K, capacity 11134K, committed 11136K, reserved 1048576K
GC Heap History (10 events):
Event: 14.818 GC heap before
{Heap before GC invocations=11 (full 2):
 PSYoungGen      total 172544K, used 172376K [0x00000000e0000000, 0x00000000ed180000, 0x0000000100000000)
  eden space 165888K, 100% used [0x00000000e0000000,0x00000000ea200000,0x00000000ea200000)
  from space 6656K, 97% used [0x00000000ecb00000,0x00000000ed156060,0x00000000ed180000)
  to   space 11776K, 0% used [0x00000000eba80000,0x00000000eba80000,0x00000000ec600000)
 ParOldGen       total 137728K, used 15641K [0x00000000a0000000, 0x00000000a8680000, 0x00000000e0000000)
  object space 137728K, 11% used [0x00000000a0000000,0x00000000a0f467c0,0x00000000a8680000)
 Metaspace       used 51545K, capacity 53528K, committed 53760K, reserved 1095680K
  class space    used 7022K, capacity 7408K, committed 7424K, reserved 1048576K
Event: 14.846 GC heap after
Heap after GC invocations=11 (full 2):
 PSYoungGen      total 202752K, used 11774K [0x00000000e0000000, 0x00000000eed80000, 0x0000000100000000)
  eden space 190976K, 0% used [0x00000000e0000000,0x00000000e0000000,0x00000000eba80000)
  from space 11776K, 99% used [0x00000000eba80000,0x00000000ec5ffb70,0x00000000ec600000)
  to   space 15872K, 0% used [0x00000000ede00000,0x00000000ede00000,0x00000000eed80000)
 ParOldGen       total 137728K, used 23506K [0x00000000a0000000, 0x00000000a8680000, 0x00000000e0000000)
  object space 137728K, 17% used [0x00000000a0000000,0x00000000a16f49b0,0x00000000a8680000)
 Metaspace       used 51545K, capacity 53528K, committed 53760K, reserved 1095680K
  class space    used 7022K, capacity 7408K, committed 7424K, reserved 1048576K
}
Event: 17.620 GC heap before
{Heap before GC invocations=12 (full 2):
 PSYoungGen      total 202752K, used 139744K [0x00000000e0000000, 0x00000000eed80000, 0x0000000100000000)
  eden space 190976K, 67% used [0x00000000e0000000,0x00000000e7cf87c0,0x00000000eba80000)
  from space 11776K, 99% used [0x00000000eba80000,0x00000000ec5ffb70,0x00000000ec600000)
  to   space 15872K, 0% used [0x00000000ede00000,0x00000000ede00000,0x00000000eed80000)
 ParOldGen       total 137728K, used 23506K [0x00000000a0000000, 0x00000000a8680000, 0x00000000e0000000)
  object space 137728K, 17% used [0x00000000a0000000,0x00000000a16f49b0,0x00000000a8680000)
 Metaspace       used 56605K, capacity 59056K, committed 59136K, reserved 1099776K
  class space    used 7888K, capacity 8394K, committed 8448K, reserved 1048576K
Event: 17.657 GC heap after
Heap after GC invocations=12 (full 2):
 PSYoungGen      total 223232K, used 15864K [0x00000000e0000000, 0x00000000f1300000, 0x0000000100000000)
  eden space 207360K, 0% used [0x00000000e0000000,0x00000000e0000000,0x00000000eca80000)
  from space 15872K, 99% used [0x00000000ede00000,0x00000000eed7e178,0x00000000eed80000)
  to   space 19968K, 0% used [0x00000000eca80000,0x00000000eca80000,0x00000000ede00000)
 ParOldGen       total 137728K, used 29879K [0x00000000a0000000, 0x00000000a8680000, 0x00000000e0000000)
  object space 137728K, 21% used [0x00000000a0000000,0x00000000a1d2dfb8,0x00000000a8680000)
 Metaspace       used 56605K, capacity 59056K, committed 59136K, reserved 1099776K
  class space    used 7888K, capacity 8394K, committed 8448K, reserved 1048576K
}
Event: 17.657 GC heap before
{Heap before GC invocations=13 (full 3):
 PSYoungGen      total 223232K, used 15864K [0x00000000e0000000, 0x00000000f1300000, 0x0000000100000000)
  eden space 207360K, 0% used [0x00000000e0000000,0x00000000e0000000,0x00000000eca80000)
  from space 15872K, 99% used [0x00000000ede00000,0x00000000eed7e178,0x00000000eed80000)
  to   space 19968K, 0% used [0x00000000eca80000,0x00000000eca80000,0x00000000ede00000)
 ParOldGen       total 137728K, used 29879K [0x00000000a0000000, 0x00000000a8680000, 0x00000000e0000000)
  object space 137728K, 21% used [0x00000000a0000000,0x00000000a1d2dfb8,0x00000000a8680000)
 Metaspace       used 56605K, capacity 59056K, committed 59136K, reserved 1099776K
  class space    used 7888K, capacity 8394K, committed 8448K, reserved 1048576K
Event: 18.092 GC heap after
Heap after GC invocations=13 (full 3):
 PSYoungGen      total 223232K, used 0K [0x00000000e0000000, 0x00000000f1300000, 0x0000000100000000)
  eden space 207360K, 0% used [0x00000000e0000000,0x00000000e0000000,0x00000000eca80000)
  from space 15872K, 0% used [0x00000000ede00000,0x00000000ede00000,0x00000000eed80000)
  to   space 19968K, 0% used [0x00000000eca80000,0x00000000eca80000,0x00000000ede00000)
 ParOldGen       total 211968K, used 36486K [0x00000000a0000000, 0x00000000acf00000, 0x00000000e0000000)
  object space 211968K, 17% used [0x00000000a0000000,0x00000000a23a1ad8,0x00000000acf00000)
 Metaspace       used 56598K, capacity 59032K, committed 59136K, reserved 1099776K
  class space    used 7886K, capacity 8390K, committed 8448K, reserved 1048576K
}
Event: 24.069 GC heap before
{Heap before GC invocations=14 (full 3):
 PSYoungGen      total 223232K, used 207360K [0x00000000e0000000, 0x00000000f1300000, 0x0000000100000000)
  eden space 207360K, 100% used [0x00000000e0000000,0x00000000eca80000,0x00000000eca80000)
  from space 15872K, 0% used [0x00000000ede00000,0x00000000ede00000,0x00000000eed80000)
  to   space 19968K, 0% used [0x00000000eca80000,0x00000000eca80000,0x00000000ede00000)
 ParOldGen       total 211968K, used 36486K [0x00000000a0000000, 0x00000000acf00000, 0x00000000e0000000)
  object space 211968K, 17% used [0x00000000a0000000,0x00000000a23a1ad8,0x00000000acf00000)
 Metaspace       used 62855K, capacity 66248K, committed 66432K, reserved 1105920K
  class space    used 8830K, capacity 9566K, committed 9600K, reserved 1048576K
Event: 24.134 GC heap after
Heap after GC invocations=14 (full 3):
 PSYoungGen      total 227328K, used 19952K [0x00000000e0000000, 0x00000000f1d80000, 0x0000000100000000)
  eden space 207360K, 0% used [0x00000000e0000000,0x00000000e0000000,0x00000000eca80000)
  from space 19968K, 99% used [0x00000000eca80000,0x00000000eddfc2e0,0x00000000ede00000)
  to   space 22528K, 0% used [0x00000000f0780000,0x00000000f0780000,0x00000000f1d80000)
 ParOldGen       total 211968K, used 37337K [0x00000000a0000000, 0x00000000acf00000, 0x00000000e0000000)
  object space 211968K, 17% used [0x00000000a0000000,0x00000000a24765a8,0x00000000acf00000)
 Metaspace       used 62855K, capacity 66248K, committed 66432K, reserved 1105920K
  class space    used 8830K, capacity 9566K, committed 9600K, reserved 1048576K
}
Event: 53.374 GC heap before
{Heap before GC invocations=15 (full 3):
 PSYoungGen      total 227328K, used 227312K [0x00000000e0000000, 0x00000000f1d80000, 0x0000000100000000)
  eden space 207360K, 100% used [0x00000000e0000000,0x00000000eca80000,0x00000000eca80000)
  from space 19968K, 99% used [0x00000000eca80000,0x00000000eddfc2e0,0x00000000ede00000)
  to   space 22528K, 0% used [0x00000000f0780000,0x00000000f0780000,0x00000000f1d80000)
 ParOldGen       total 211968K, used 37337K [0x00000000a0000000, 0x00000000acf00000, 0x00000000e0000000)
  object space 211968K, 17% used [0x00000000a0000000,0x00000000a24765a8,0x00000000acf00000)
 Metaspace       used 72434K, capacity 76600K, committed 76800K, reserved 1116160K
  class space    used 10061K, capacity 10911K, committed 11008K, reserved 1048576K
Event: 53.413 GC heap after
Heap after GC invocations=15 (full 3):
 PSYoungGen      total 259584K, used 18891K [0x00000000e0000000, 0x00000000f1a00000, 0x0000000100000000)
  eden space 240640K, 0% used [0x00000000e0000000,0x00000000e0000000,0x00000000eeb00000)
  from space 18944K, 99% used [0x00000000f0780000,0x00000000f19f2eb0,0x00000000f1a00000)
  to   space 24064K, 0% used [0x00000000eeb00000,0x00000000eeb00000,0x00000000f0280000)
 ParOldGen       total 211968K, used 53449K [0x00000000a0000000, 0x00000000acf00000, 0x00000000e0000000)
  object space 211968K, 25% used [0x00000000a0000000,0x00000000a34326d8,0x00000000acf00000)
 Metaspace       used 72434K, capacity 76600K, committed 76800K, reserved 1116160K
  class space    used 10061K, capacity 10911K, committed 11008K, reserved 1048576K
}

